[2020-08-10T18:33:29.035] [DEBUG] cheese - login => username:admin,password:123456
[2020-08-10T18:33:29.039] [DEBUG] cheese - admin
[2020-08-10T18:33:29.084] [DEBUG] cheese - null
[2020-08-11T15:06:32.529] [DEBUG] cheese - login => username:admin,password:123456
[2020-08-11T15:06:32.532] [DEBUG] cheese - admin
[2020-08-11T15:06:32.591] [DEBUG] cheese - null
[2020-08-11T15:06:32.592] [DEBUG] cheese - null
[2020-08-12T01:48:55.751] [DEBUG] cheese - null
[2020-08-12T01:49:35.688] [DEBUG] cheese - null
[2020-08-12T01:58:51.899] [DEBUG] cheese - null
[2020-08-12T02:00:15.155] [DEBUG] cheese - null
[2020-08-12T02:05:08.355] [DEBUG] cheese - null
[2020-08-12T02:06:46.200] [DEBUG] cheese - null
[2020-08-12T02:08:56.906] [DEBUG] cheese - null
[2020-08-12T02:09:10.511] [DEBUG] cheese - null
[2020-08-12T02:10:54.193] [DEBUG] cheese - null
[2020-08-12T02:11:37.093] [DEBUG] cheese - null
[2020-08-12T02:13:23.154] [DEBUG] cheese - null
[2020-08-12T02:13:36.627] [DEBUG] cheese - null
[2020-08-12T02:16:19.787] [DEBUG] cheese - null
[2020-08-12T02:16:21.987] [DEBUG] cheese - null
[2020-08-12T14:28:16.055] [DEBUG] cheese - login => username:admin,password:123456
[2020-08-12T14:28:16.056] [DEBUG] cheese - admin
[2020-08-12T14:28:16.115] [DEBUG] cheese - null
[2020-08-12T14:28:16.116] [DEBUG] cheese - null
[2020-08-12T14:28:58.777] [DEBUG] cheese - login => username:mywya,password:123456
[2020-08-12T14:28:58.777] [DEBUG] cheese - mywya
[2020-08-12T14:28:58.782] [DEBUG] cheese - null
[2020-08-12T14:28:58.782] [DEBUG] cheese - null
[2020-08-12T14:29:10.313] [DEBUG] cheese - login => username:myway,password:123456
[2020-08-12T14:29:10.314] [DEBUG] cheese - myway
[2020-08-12T14:29:10.320] [DEBUG] cheese - null
[2020-08-12T14:29:10.320] [DEBUG] cheese - null
[2020-08-12T14:29:15.857] [DEBUG] cheese - login => username:admin,password:123456
[2020-08-12T14:29:15.857] [DEBUG] cheese - admin
[2020-08-12T14:29:15.864] [DEBUG] cheese - null
[2020-08-12T14:29:15.865] [DEBUG] cheese - null
[2020-08-12T14:29:35.136] [DEBUG] cheese - login => username:myway,password:123456
[2020-08-12T14:29:35.137] [DEBUG] cheese - myway
[2020-08-12T14:29:35.142] [DEBUG] cheese - null
[2020-08-12T14:29:35.143] [DEBUG] cheese - null
[2020-08-12T14:29:39.157] [DEBUG] cheese - login => username:myway,password:123456
[2020-08-12T14:29:39.157] [DEBUG] cheese - myway
[2020-08-12T14:29:39.162] [DEBUG] cheese - null
[2020-08-12T14:29:39.163] [DEBUG] cheese - null
[2020-08-12T14:29:50.703] [DEBUG] cheese - login => username:myway,password:123456
[2020-08-12T14:29:50.703] [DEBUG] cheese - myway
[2020-08-12T14:29:50.709] [DEBUG] cheese - null
[2020-08-12T14:29:50.710] [DEBUG] cheese - null
[2020-08-12T14:29:54.521] [DEBUG] cheese - login => username:admin,password:123456
[2020-08-12T14:29:54.521] [DEBUG] cheese - admin
[2020-08-12T14:29:54.528] [DEBUG] cheese - null
[2020-08-12T14:29:54.528] [DEBUG] cheese - null
[2020-08-12T14:30:32.442] [DEBUG] cheese - login => username:myway,password:123456
[2020-08-12T14:30:32.443] [DEBUG] cheese - myway
[2020-08-12T14:30:32.448] [DEBUG] cheese - null
[2020-08-12T14:30:32.448] [DEBUG] cheese - null
[2020-08-12T14:30:33.309] [DEBUG] cheese - login => username:myway,password:123456
[2020-08-12T14:30:33.310] [DEBUG] cheese - myway
[2020-08-12T14:30:33.318] [DEBUG] cheese - null
[2020-08-12T14:30:33.318] [DEBUG] cheese - null
[2020-08-12T14:30:37.303] [DEBUG] cheese - login => username:myway,password:123456
[2020-08-12T14:30:37.303] [DEBUG] cheese - myway
[2020-08-12T14:30:37.311] [DEBUG] cheese - null
[2020-08-12T14:30:37.311] [DEBUG] cheese - null
[2020-08-12T14:30:44.909] [DEBUG] cheese - login => username:myway,password:123456
[2020-08-12T14:30:44.909] [DEBUG] cheese - myway
[2020-08-12T14:30:44.914] [DEBUG] cheese - null
[2020-08-12T14:30:44.914] [DEBUG] cheese - null
[2020-08-12T14:30:54.434] [DEBUG] cheese - login => username:myway,password:123456
[2020-08-12T14:30:54.435] [DEBUG] cheese - myway
[2020-08-12T14:30:54.439] [DEBUG] cheese - null
[2020-08-12T14:30:54.440] [DEBUG] cheese - null
[2020-08-12T14:31:03.139] [DEBUG] cheese - login => username:admin,password:123456
[2020-08-12T14:31:03.139] [DEBUG] cheese - admin
[2020-08-12T14:31:03.145] [DEBUG] cheese - null
[2020-08-12T14:31:03.146] [DEBUG] cheese - null
[2020-08-12T15:27:23.660] [DEBUG] cheese - login => username:admin,password:123456
[2020-08-12T15:27:23.660] [DEBUG] cheese - admin
[2020-08-12T15:27:23.668] [DEBUG] cheese - null
[2020-08-12T15:27:23.668] [DEBUG] cheese - null
[2020-08-12T15:34:50.679] [DEBUG] cheese - login => username:admin,password:123456
[2020-08-12T15:34:50.680] [DEBUG] cheese - admin
[2020-08-12T15:34:50.686] [DEBUG] cheese - null
[2020-08-12T15:34:50.686] [DEBUG] cheese - null
[2020-08-12T16:33:55.671] [DEBUG] cheese - null
[2020-08-12T16:34:09.416] [DEBUG] cheese - null
[2020-08-12T23:28:18.398] [DEBUG] cheese - login => username:myway,password:123456
[2020-08-12T23:28:18.401] [DEBUG] cheese - myway
[2020-08-12T23:28:18.410] [DEBUG] cheese - null
[2020-08-12T23:28:18.412] [DEBUG] cheese - null
[2020-08-12T23:28:21.532] [DEBUG] cheese - null
[2020-08-12T23:28:21.546] [DEBUG] cheese - null
[2020-08-12T23:28:27.757] [DEBUG] cheese - null
[2020-08-12T23:28:27.765] [DEBUG] cheese - null
[2020-08-12T23:28:29.466] [DEBUG] cheese - null
[2020-08-12T23:28:29.474] [DEBUG] cheese - null
[2020-08-12T23:28:30.945] [DEBUG] cheese - null
[2020-08-12T23:28:30.951] [DEBUG] cheese - null
[2020-08-12T23:28:34.667] [DEBUG] cheese - null
[2020-08-12T23:28:34.673] [DEBUG] cheese - null
[2020-08-12T23:28:38.717] [DEBUG] cheese - null
[2020-08-12T23:28:38.723] [DEBUG] cheese - null
[2020-08-12T23:28:40.035] [DEBUG] cheese - null
[2020-08-12T23:28:40.043] [DEBUG] cheese - null
[2020-08-12T23:28:44.899] [DEBUG] cheese - null
[2020-08-12T23:28:44.907] [DEBUG] cheese - null
[2020-08-12T23:29:23.813] [DEBUG] cheese - null
[2020-08-12T23:29:23.839] [DEBUG] cheese - null
[2020-08-12T23:29:25.356] [DEBUG] cheese - null
[2020-08-12T23:29:25.365] [DEBUG] cheese - null
[2020-08-12T23:29:29.503] [DEBUG] cheese - null
[2020-08-12T23:29:29.512] [DEBUG] cheese - null
[2020-08-12T23:29:53.578] [DEBUG] cheese - null
[2020-08-12T23:29:53.596] [DEBUG] cheese - null
[2020-08-12T23:29:56.191] [DEBUG] cheese - null
[2020-08-12T23:29:56.206] [DEBUG] cheese - null
[2020-08-12T23:32:17.084] [DEBUG] cheese - null
[2020-08-12T23:32:17.096] [DEBUG] cheese - null
[2020-08-12T23:35:13.413] [DEBUG] cheese - null
[2020-08-12T23:35:13.442] [DEBUG] cheese - null
[2020-08-12T23:35:13.460] [DEBUG] cheese - null
[2020-08-12T23:35:13.485] [DEBUG] cheese - null
[2020-08-12T23:35:20.756] [DEBUG] cheese - null
[2020-08-12T23:35:20.821] [DEBUG] cheese - null
[2020-08-12T23:35:24.091] [DEBUG] cheese - null
[2020-08-12T23:35:24.100] [DEBUG] cheese - null
[2020-08-12T23:35:33.580] [DEBUG] cheese - null
[2020-08-12T23:35:33.609] [DEBUG] cheese - null
[2020-08-12T23:35:44.699] [DEBUG] cheese - null
[2020-08-12T23:35:44.747] [DEBUG] cheese - null
[2020-08-12T23:35:46.310] [DEBUG] cheese - null
[2020-08-12T23:35:46.316] [DEBUG] cheese - null
[2020-08-12T23:36:17.477] [DEBUG] cheese - null
[2020-08-12T23:36:17.488] [DEBUG] cheese - null
[2020-08-12T23:36:20.225] [DEBUG] cheese - null
[2020-08-12T23:36:20.232] [DEBUG] cheese - null
[2020-08-12T23:36:40.693] [DEBUG] cheese - null
[2020-08-12T23:36:40.700] [DEBUG] cheese - null
[2020-08-12T23:36:44.724] [DEBUG] cheese - null
[2020-08-12T23:36:44.730] [DEBUG] cheese - null
[2020-08-12T23:38:53.077] [DEBUG] cheese - null
[2020-08-12T23:38:53.130] [DEBUG] cheese - null
[2020-08-12T23:38:55.519] [DEBUG] cheese - null
[2020-08-12T23:38:55.528] [DEBUG] cheese - null
[2020-08-12T23:42:03.976] [DEBUG] cheese - null
[2020-08-12T23:42:03.987] [DEBUG] cheese - null
[2020-08-12T23:42:05.222] [DEBUG] cheese - null
[2020-08-12T23:42:05.231] [DEBUG] cheese - null
[2020-08-12T23:43:03.176] [DEBUG] cheese - null
[2020-08-12T23:43:03.185] [DEBUG] cheese - null
[2020-08-12T23:45:03.894] [DEBUG] cheese - null
[2020-08-12T23:45:03.914] [DEBUG] cheese - null
[2020-08-12T23:45:12.590] [DEBUG] cheese - null
[2020-08-12T23:45:12.600] [DEBUG] cheese - null
[2020-08-12T23:45:46.520] [DEBUG] cheese - null
[2020-08-12T23:45:46.535] [DEBUG] cheese - null
[2020-08-12T23:45:56.291] [DEBUG] cheese - null
[2020-08-12T23:45:56.297] [DEBUG] cheese - null
[2020-08-12T23:46:09.077] [DEBUG] cheese - null
[2020-08-12T23:46:09.086] [DEBUG] cheese - null
[2020-08-12T23:47:03.542] [DEBUG] cheese - null
[2020-08-12T23:47:03.553] [DEBUG] cheese - null
[2020-08-12T23:47:11.286] [DEBUG] cheese - null
[2020-08-12T23:47:11.309] [DEBUG] cheese - null
[2020-08-12T23:47:13.370] [DEBUG] cheese - null
[2020-08-12T23:47:13.379] [DEBUG] cheese - null
[2020-08-12T23:47:14.306] [DEBUG] cheese - null
[2020-08-12T23:47:14.312] [DEBUG] cheese - null
[2020-08-12T23:47:18.890] [DEBUG] cheese - null
[2020-08-12T23:47:18.896] [DEBUG] cheese - null
[2020-08-12T23:47:18.983] [DEBUG] cheese - null
[2020-08-12T23:47:18.991] [DEBUG] cheese - null
[2020-08-12T23:47:36.507] [DEBUG] cheese - null
[2020-08-12T23:47:36.517] [DEBUG] cheese - null
[2020-08-12T23:47:36.786] [DEBUG] cheese - null
[2020-08-12T23:47:36.797] [DEBUG] cheese - null
[2020-08-12T23:47:38.932] [DEBUG] cheese - null
[2020-08-12T23:47:38.937] [DEBUG] cheese - null
[2020-08-12T23:47:42.028] [DEBUG] cheese - null
[2020-08-12T23:47:42.034] [DEBUG] cheese - null
[2020-08-12T23:47:43.959] [DEBUG] cheese - null
[2020-08-12T23:47:43.965] [DEBUG] cheese - null
[2020-08-12T23:47:45.599] [DEBUG] cheese - null
[2020-08-12T23:47:45.606] [DEBUG] cheese - null
[2020-08-12T23:47:46.661] [DEBUG] cheese - null
[2020-08-12T23:47:46.667] [DEBUG] cheese - null
[2020-08-12T23:48:22.832] [DEBUG] cheese - null
[2020-08-12T23:48:22.846] [DEBUG] cheese - null
[2020-08-12T23:48:23.674] [DEBUG] cheese - null
[2020-08-12T23:48:23.681] [DEBUG] cheese - null
[2020-08-12T23:48:53.530] [DEBUG] cheese - null
[2020-08-12T23:48:53.541] [DEBUG] cheese - null
[2020-08-12T23:51:41.056] [DEBUG] cheese - null
[2020-08-12T23:51:41.066] [DEBUG] cheese - null
[2020-08-12T23:51:58.731] [DEBUG] cheese - null
[2020-08-12T23:51:58.737] [DEBUG] cheese - null
[2020-08-12T23:52:26.187] [DEBUG] cheese - null
[2020-08-12T23:52:26.199] [DEBUG] cheese - null
[2020-08-12T23:52:33.042] [DEBUG] cheese - null
[2020-08-12T23:52:33.050] [DEBUG] cheese - null
[2020-08-12T23:52:34.910] [DEBUG] cheese - null
[2020-08-12T23:52:34.924] [DEBUG] cheese - null
[2020-08-12T23:52:37.422] [DEBUG] cheese - null
[2020-08-12T23:52:37.430] [DEBUG] cheese - null
[2020-08-12T23:52:37.553] [DEBUG] cheese - null
[2020-08-12T23:52:37.561] [DEBUG] cheese - null
[2020-08-12T23:52:40.714] [DEBUG] cheese - null
[2020-08-12T23:52:40.720] [DEBUG] cheese - null
[2020-08-12T23:53:57.631] [DEBUG] cheese - null
[2020-08-12T23:53:57.641] [DEBUG] cheese - null
[2020-08-12T23:54:00.259] [DEBUG] cheese - null
[2020-08-12T23:54:00.265] [DEBUG] cheese - null
[2020-08-12T23:55:02.324] [DEBUG] cheese - null
[2020-08-12T23:55:02.331] [DEBUG] cheese - null
[2020-08-12T23:55:05.028] [DEBUG] cheese - null
[2020-08-12T23:55:05.034] [DEBUG] cheese - null
[2020-08-12T23:55:06.220] [DEBUG] cheese - null
[2020-08-12T23:55:06.231] [DEBUG] cheese - null
[2020-08-12T23:55:32.188] [DEBUG] cheese - null
[2020-08-12T23:55:32.194] [DEBUG] cheese - null
[2020-08-12T23:55:33.918] [DEBUG] cheese - null
[2020-08-12T23:55:33.925] [DEBUG] cheese - null
[2020-08-12T23:55:35.120] [DEBUG] cheese - null
[2020-08-12T23:55:35.126] [DEBUG] cheese - null
[2020-08-12T23:55:37.192] [DEBUG] cheese - null
[2020-08-12T23:55:37.198] [DEBUG] cheese - null
[2020-08-13T00:02:49.274] [DEBUG] cheese - null
[2020-08-13T00:02:49.282] [DEBUG] cheese - null
[2020-08-13T00:06:07.670] [DEBUG] cheese - null
[2020-08-13T00:06:07.675] [DEBUG] cheese - null
[2020-08-13T00:06:40.925] [DEBUG] cheese - null
[2020-08-13T00:06:40.934] [DEBUG] cheese - null
[2020-08-13T00:06:41.746] [DEBUG] cheese - null
[2020-08-13T00:06:41.753] [DEBUG] cheese - null
[2020-08-13T00:06:45.518] [DEBUG] cheese - null
[2020-08-13T00:06:45.526] [DEBUG] cheese - null
[2020-08-13T00:06:45.627] [DEBUG] cheese - null
[2020-08-13T00:06:45.635] [DEBUG] cheese - null
[2020-08-13T00:06:46.878] [DEBUG] cheese - null
[2020-08-13T00:06:46.885] [DEBUG] cheese - null
[2020-08-13T00:06:50.308] [DEBUG] cheese - null
[2020-08-13T00:06:50.314] [DEBUG] cheese - null
[2020-08-13T00:06:50.433] [DEBUG] cheese - null
[2020-08-13T00:06:50.446] [DEBUG] cheese - null
[2020-08-13T00:15:18.664] [DEBUG] cheese - null
[2020-08-13T00:15:18.676] [DEBUG] cheese - null
[2020-08-13T00:15:20.099] [DEBUG] cheese - null
[2020-08-13T00:15:20.108] [DEBUG] cheese - null
[2020-08-13T00:17:09.575] [DEBUG] cheese - null
[2020-08-13T00:17:09.588] [DEBUG] cheese - null
[2020-08-13T00:17:19.441] [DEBUG] cheese - null
[2020-08-13T00:17:19.448] [DEBUG] cheese - null
[2020-08-13T00:17:19.551] [DEBUG] cheese - null
[2020-08-13T00:17:19.558] [DEBUG] cheese - null
[2020-08-13T00:23:01.925] [DEBUG] cheese - null
[2020-08-13T00:23:01.930] [DEBUG] cheese - null
[2020-08-13T13:46:50.385] [DEBUG] cheese - login => username:myway,password:123456
[2020-08-13T13:46:50.389] [DEBUG] cheese - myway
[2020-08-13T13:46:50.473] [DEBUG] cheese - null
[2020-08-13T13:46:50.474] [DEBUG] cheese - null
[2020-08-13T13:46:53.536] [DEBUG] cheese - null
[2020-08-13T13:46:53.547] [DEBUG] cheese - null
[2020-08-13T13:46:55.461] [DEBUG] cheese - null
[2020-08-13T13:46:55.466] [DEBUG] cheese - null
[2020-08-13T13:46:56.759] [DEBUG] cheese - null
[2020-08-13T13:46:56.768] [DEBUG] cheese - null
[2020-08-13T13:47:03.967] [DEBUG] cheese - null
[2020-08-13T13:47:03.972] [DEBUG] cheese - null
[2020-08-13T13:47:05.373] [DEBUG] cheese - null
[2020-08-13T13:47:05.379] [DEBUG] cheese - null
[2020-08-13T13:47:14.795] [DEBUG] cheese - login => username:myway,password:123456
[2020-08-13T13:47:14.796] [DEBUG] cheese - myway
[2020-08-13T13:47:14.800] [DEBUG] cheese - null
[2020-08-13T13:47:14.801] [DEBUG] cheese - null
[2020-08-13T13:47:21.204] [DEBUG] cheese - login => username:admin,password:123456
[2020-08-13T13:47:21.204] [DEBUG] cheese - admin
[2020-08-13T13:47:21.209] [DEBUG] cheese - null
[2020-08-13T13:47:21.209] [DEBUG] cheese - null
[2020-08-13T13:47:35.692] [DEBUG] cheese - login => username:admin,password:123456
[2020-08-13T13:47:35.692] [DEBUG] cheese - admin
[2020-08-13T13:47:35.698] [DEBUG] cheese - null
[2020-08-13T13:47:35.698] [DEBUG] cheese - null
[2020-08-13T17:39:07.569] [DEBUG] cheese - login => username:myway,password:123456
[2020-08-13T17:39:07.573] [DEBUG] cheese - myway
[2020-08-13T17:39:07.584] [DEBUG] cheese - null
[2020-08-13T17:39:07.586] [DEBUG] cheese - null
[2020-08-13T17:39:11.362] [DEBUG] cheese - null
[2020-08-13T17:39:11.371] [DEBUG] cheese - null
[2020-08-13T17:39:14.418] [DEBUG] cheese - null
[2020-08-13T17:39:14.424] [DEBUG] cheese - null
[2020-08-13T17:39:47.972] [DEBUG] cheese - null
[2020-08-13T17:39:47.979] [DEBUG] cheese - null
[2020-08-13T17:39:56.345] [DEBUG] cheese - null
[2020-08-13T17:39:56.351] [DEBUG] cheese - null
[2020-08-13T17:39:57.834] [DEBUG] cheese - null
[2020-08-13T17:39:57.841] [DEBUG] cheese - null
[2020-08-13T17:39:59.955] [DEBUG] cheese - null
[2020-08-13T17:39:59.963] [DEBUG] cheese - null
[2020-08-13T17:40:02.234] [DEBUG] cheese - null
[2020-08-13T17:40:02.246] [DEBUG] cheese - null
[2020-08-13T17:40:04.744] [DEBUG] cheese - null
[2020-08-13T17:40:04.749] [DEBUG] cheese - null
[2020-08-13T17:40:10.433] [DEBUG] cheese - null
[2020-08-13T17:40:10.438] [DEBUG] cheese - null
[2020-08-13T17:40:13.620] [DEBUG] cheese - null
[2020-08-13T17:40:13.626] [DEBUG] cheese - null
[2020-08-13T17:40:15.152] [DEBUG] cheese - null
[2020-08-13T17:40:15.159] [DEBUG] cheese - null
[2020-08-13T17:40:16.873] [DEBUG] cheese - null
[2020-08-13T17:40:16.879] [DEBUG] cheese - null
[2020-08-13T17:40:19.809] [DEBUG] cheese - null
[2020-08-13T17:40:19.814] [DEBUG] cheese - null
[2020-08-13T17:40:21.264] [DEBUG] cheese - null
[2020-08-13T17:40:21.271] [DEBUG] cheese - null
[2020-08-13T17:40:23.555] [DEBUG] cheese - null
[2020-08-13T17:40:23.561] [DEBUG] cheese - null
[2020-08-13T17:40:25.353] [DEBUG] cheese - null
[2020-08-13T17:40:25.359] [DEBUG] cheese - null
[2020-08-13T17:40:28.237] [DEBUG] cheese - null
[2020-08-13T17:40:28.242] [DEBUG] cheese - null
[2020-08-13T17:40:29.662] [DEBUG] cheese - null
[2020-08-13T17:40:29.670] [DEBUG] cheese - null
[2020-08-13T17:40:35.657] [DEBUG] cheese - null
[2020-08-13T17:40:35.664] [DEBUG] cheese - null
[2020-08-13T17:40:40.644] [DEBUG] cheese - null
[2020-08-13T17:40:40.649] [DEBUG] cheese - null
[2020-08-13T17:40:45.255] [DEBUG] cheese - null
[2020-08-13T17:40:45.260] [DEBUG] cheese - null
[2020-08-13T18:50:46.495] [DEBUG] cheese - null
[2020-08-13T18:50:46.504] [DEBUG] cheese - null
[2020-08-13T18:51:13.765] [DEBUG] cheese - null
[2020-08-13T18:51:13.769] [DEBUG] cheese - null
[2020-08-13T18:51:32.864] [DEBUG] cheese - null
[2020-08-13T18:51:32.869] [DEBUG] cheese - null
[2020-08-13T18:52:17.439] [DEBUG] cheese - null
[2020-08-13T18:52:17.445] [DEBUG] cheese - null
[2020-08-13T18:53:14.078] [DEBUG] cheese - null
[2020-08-13T18:53:14.105] [DEBUG] cheese - null
[2020-08-13T18:53:24.721] [DEBUG] cheese - null
[2020-08-13T18:53:24.743] [DEBUG] cheese - null
[2020-08-13T18:58:54.616] [DEBUG] cheese - null
[2020-08-13T18:58:54.626] [DEBUG] cheese - null
[2020-08-13T19:00:09.079] [DEBUG] cheese - null
[2020-08-13T19:00:09.095] [DEBUG] cheese - null
[2020-08-13T19:04:09.272] [DEBUG] cheese - null
[2020-08-13T19:04:09.280] [DEBUG] cheese - null
[2020-08-13T19:04:39.725] [DEBUG] cheese - null
[2020-08-13T19:04:39.731] [DEBUG] cheese - null
[2020-08-13T19:05:23.849] [DEBUG] cheese - null
[2020-08-13T19:05:23.861] [DEBUG] cheese - null
[2020-08-13T19:06:22.761] [DEBUG] cheese - null
[2020-08-13T19:06:22.781] [DEBUG] cheese - null
[2020-08-13T19:07:18.481] [DEBUG] cheese - null
[2020-08-13T19:07:18.494] [DEBUG] cheese - null
[2020-08-13T19:07:32.475] [DEBUG] cheese - null
[2020-08-13T19:07:32.481] [DEBUG] cheese - null
[2020-08-13T19:08:09.593] [DEBUG] cheese - null
[2020-08-13T19:08:09.599] [DEBUG] cheese - null
[2020-08-13T22:17:21.094] [DEBUG] cheese - null
[2020-08-13T22:17:21.101] [DEBUG] cheese - null
[2020-08-13T22:21:55.228] [DEBUG] cheese - null
[2020-08-13T22:21:55.234] [DEBUG] cheese - null
[2020-08-13T22:23:04.389] [DEBUG] cheese - null
[2020-08-13T22:23:04.394] [DEBUG] cheese - null
[2020-08-13T22:23:16.288] [DEBUG] cheese - null
[2020-08-13T22:23:16.296] [DEBUG] cheese - null
[2020-08-13T22:23:19.301] [DEBUG] cheese - null
[2020-08-13T22:23:19.307] [DEBUG] cheese - null
[2020-08-13T22:23:24.513] [DEBUG] cheese - null
[2020-08-13T22:23:24.520] [DEBUG] cheese - null
[2020-08-13T22:23:27.651] [DEBUG] cheese - null
[2020-08-13T22:23:27.657] [DEBUG] cheese - null
[2020-08-13T22:24:25.900] [DEBUG] cheese - null
[2020-08-13T22:24:25.909] [DEBUG] cheese - null
[2020-08-13T22:24:39.824] [DEBUG] cheese - null
[2020-08-13T22:24:39.832] [DEBUG] cheese - null
[2020-08-13T22:27:34.883] [DEBUG] cheese - null
[2020-08-13T22:27:34.890] [DEBUG] cheese - null
[2020-08-13T22:28:19.421] [DEBUG] cheese - null
[2020-08-13T22:28:19.428] [DEBUG] cheese - null
[2020-08-13T22:30:28.625] [DEBUG] cheese - null
[2020-08-13T22:30:28.633] [DEBUG] cheese - null
[2020-08-13T22:32:04.239] [DEBUG] cheese - null
[2020-08-13T22:32:04.249] [DEBUG] cheese - null
[2020-08-13T22:33:01.137] [DEBUG] cheese - null
[2020-08-13T22:33:01.143] [DEBUG] cheese - null
[2020-08-13T22:34:44.336] [DEBUG] cheese - null
[2020-08-13T22:34:44.345] [DEBUG] cheese - null
[2020-08-13T22:34:56.136] [DEBUG] cheese - null
[2020-08-13T22:34:56.142] [DEBUG] cheese - null
[2020-08-13T22:37:55.505] [DEBUG] cheese - null
[2020-08-13T22:37:55.526] [DEBUG] cheese - null
[2020-08-13T22:37:58.151] [DEBUG] cheese - null
[2020-08-13T22:37:58.157] [DEBUG] cheese - null
[2020-08-13T22:42:51.055] [DEBUG] cheese - null
[2020-08-13T22:42:51.063] [DEBUG] cheese - null
[2020-08-13T22:42:52.268] [DEBUG] cheese - null
[2020-08-13T22:42:52.276] [DEBUG] cheese - null
[2020-08-13T22:42:53.217] [DEBUG] cheese - null
[2020-08-13T22:42:53.224] [DEBUG] cheese - null
[2020-08-13T22:45:09.759] [DEBUG] cheese - null
[2020-08-13T22:45:09.775] [DEBUG] cheese - null
[2020-08-13T22:45:12.172] [DEBUG] cheese - null
[2020-08-13T22:45:12.177] [DEBUG] cheese - null
[2020-08-13T22:52:19.642] [DEBUG] cheese - null
[2020-08-13T22:52:19.673] [DEBUG] cheese - null
[2020-08-13T22:52:23.719] [DEBUG] cheese - null
[2020-08-13T22:52:23.725] [DEBUG] cheese - null
[2020-08-13T22:52:40.061] [DEBUG] cheese - null
[2020-08-13T22:52:40.122] [DEBUG] cheese - null
[2020-08-13T22:52:42.243] [DEBUG] cheese - null
[2020-08-13T22:52:42.259] [DEBUG] cheese - null
[2020-08-13T22:52:50.501] [DEBUG] cheese - null
[2020-08-13T22:52:50.506] [DEBUG] cheese - null
[2020-08-13T22:53:27.861] [DEBUG] cheese - null
[2020-08-13T22:53:27.869] [DEBUG] cheese - null
[2020-08-13T22:54:27.537] [DEBUG] cheese - null
[2020-08-13T22:54:27.547] [DEBUG] cheese - null
[2020-08-13T22:54:31.330] [DEBUG] cheese - null
[2020-08-13T22:54:31.338] [DEBUG] cheese - null
[2020-08-13T22:55:29.017] [DEBUG] cheese - null
[2020-08-13T22:55:29.030] [DEBUG] cheese - null
[2020-08-13T22:55:31.580] [DEBUG] cheese - null
[2020-08-13T22:55:31.587] [DEBUG] cheese - null
[2020-08-13T22:56:47.419] [DEBUG] cheese - null
[2020-08-13T22:56:47.431] [DEBUG] cheese - null
[2020-08-13T22:56:51.347] [DEBUG] cheese - null
[2020-08-13T22:56:51.353] [DEBUG] cheese - null
[2020-08-13T22:57:08.338] [DEBUG] cheese - null
[2020-08-13T22:57:08.365] [DEBUG] cheese - null
[2020-08-13T22:57:12.135] [DEBUG] cheese - null
[2020-08-13T22:57:12.186] [DEBUG] cheese - null
[2020-08-13T22:58:56.699] [DEBUG] cheese - null
[2020-08-13T22:58:56.723] [DEBUG] cheese - null
[2020-08-13T22:58:59.087] [DEBUG] cheese - null
[2020-08-13T22:58:59.093] [DEBUG] cheese - null
[2020-08-13T22:59:09.643] [DEBUG] cheese - null
[2020-08-13T22:59:09.656] [DEBUG] cheese - null
[2020-08-13T22:59:12.515] [DEBUG] cheese - null
[2020-08-13T22:59:12.523] [DEBUG] cheese - null
[2020-08-13T22:59:48.575] [DEBUG] cheese - null
[2020-08-13T22:59:48.580] [DEBUG] cheese - null
[2020-08-13T22:59:50.995] [DEBUG] cheese - null
[2020-08-13T22:59:51.001] [DEBUG] cheese - null
[2020-08-13T23:00:48.662] [DEBUG] cheese - null
[2020-08-13T23:00:48.687] [DEBUG] cheese - null
[2020-08-13T23:00:51.303] [DEBUG] cheese - null
[2020-08-13T23:00:51.309] [DEBUG] cheese - null
[2020-08-13T23:01:12.858] [DEBUG] cheese - null
[2020-08-13T23:01:12.865] [DEBUG] cheese - null
[2020-08-13T23:01:16.648] [DEBUG] cheese - null
[2020-08-13T23:01:16.657] [DEBUG] cheese - null
[2020-08-13T23:01:43.189] [DEBUG] cheese - null
[2020-08-13T23:01:43.198] [DEBUG] cheese - null
[2020-08-13T23:02:11.783] [DEBUG] cheese - null
[2020-08-13T23:02:11.788] [DEBUG] cheese - null
[2020-08-13T23:03:14.186] [DEBUG] cheese - null
[2020-08-13T23:03:14.193] [DEBUG] cheese - null
[2020-08-13T23:03:19.931] [DEBUG] cheese - null
[2020-08-13T23:03:19.947] [DEBUG] cheese - null
[2020-08-13T23:03:23.715] [DEBUG] cheese - null
[2020-08-13T23:03:23.736] [DEBUG] cheese - null
[2020-08-13T23:03:26.769] [DEBUG] cheese - null
[2020-08-13T23:03:26.774] [DEBUG] cheese - null
[2020-08-13T23:04:05.921] [DEBUG] cheese - null
[2020-08-13T23:04:05.934] [DEBUG] cheese - null
[2020-08-13T23:07:36.830] [DEBUG] cheese - null
[2020-08-13T23:07:36.857] [DEBUG] cheese - null
[2020-08-13T23:07:39.534] [DEBUG] cheese - null
[2020-08-13T23:07:39.540] [DEBUG] cheese - null
[2020-08-13T23:08:06.127] [DEBUG] cheese - null
[2020-08-13T23:08:06.131] [DEBUG] cheese - null
[2020-08-13T23:08:16.953] [DEBUG] cheese - null
[2020-08-13T23:08:16.973] [DEBUG] cheese - null
[2020-08-13T23:08:20.998] [DEBUG] cheese - null
[2020-08-13T23:08:21.004] [DEBUG] cheese - null
[2020-08-13T23:09:04.054] [DEBUG] cheese - null
[2020-08-13T23:09:04.063] [DEBUG] cheese - null
[2020-08-13T23:09:07.028] [DEBUG] cheese - null
[2020-08-13T23:09:07.033] [DEBUG] cheese - null
[2020-08-13T23:09:13.801] [DEBUG] cheese - null
[2020-08-13T23:09:13.806] [DEBUG] cheese - null
[2020-08-13T23:09:18.980] [DEBUG] cheese - null
[2020-08-13T23:09:18.989] [DEBUG] cheese - null
[2020-08-13T23:09:36.270] [DEBUG] cheese - null
[2020-08-13T23:09:36.287] [DEBUG] cheese - null
[2020-08-13T23:09:40.024] [DEBUG] cheese - null
[2020-08-13T23:09:40.031] [DEBUG] cheese - null
[2020-08-13T23:09:57.021] [DEBUG] cheese - null
[2020-08-13T23:09:57.036] [DEBUG] cheese - null
[2020-08-13T23:10:01.006] [DEBUG] cheese - null
[2020-08-13T23:10:01.012] [DEBUG] cheese - null
[2020-08-13T23:10:37.336] [DEBUG] cheese - null
[2020-08-13T23:10:37.345] [DEBUG] cheese - null
[2020-08-13T23:10:41.320] [DEBUG] cheese - null
[2020-08-13T23:10:41.335] [DEBUG] cheese - null
[2020-08-13T23:12:49.708] [DEBUG] cheese - null
[2020-08-13T23:12:49.716] [DEBUG] cheese - null
[2020-08-13T23:12:54.561] [DEBUG] cheese - null
[2020-08-13T23:12:54.568] [DEBUG] cheese - null
[2020-08-13T23:12:57.543] [DEBUG] cheese - null
[2020-08-13T23:12:57.550] [DEBUG] cheese - null
[2020-08-13T23:14:03.634] [DEBUG] cheese - null
[2020-08-13T23:14:03.645] [DEBUG] cheese - null
[2020-08-13T23:14:05.896] [DEBUG] cheese - null
[2020-08-13T23:14:05.919] [DEBUG] cheese - null
[2020-08-13T23:14:08.915] [DEBUG] cheese - null
[2020-08-13T23:14:08.920] [DEBUG] cheese - null
[2020-08-13T23:14:28.964] [DEBUG] cheese - null
[2020-08-13T23:14:28.972] [DEBUG] cheese - null
[2020-08-13T23:14:31.691] [DEBUG] cheese - null
[2020-08-13T23:14:31.697] [DEBUG] cheese - null
[2020-08-13T23:15:58.503] [DEBUG] cheese - null
[2020-08-13T23:15:58.514] [DEBUG] cheese - null
[2020-08-13T23:16:01.285] [DEBUG] cheese - null
[2020-08-13T23:16:01.292] [DEBUG] cheese - null
[2020-08-13T23:16:11.455] [DEBUG] cheese - null
[2020-08-13T23:16:11.461] [DEBUG] cheese - null
[2020-08-13T23:16:51.481] [DEBUG] cheese - null
[2020-08-13T23:16:51.495] [DEBUG] cheese - null
[2020-08-13T23:16:54.446] [DEBUG] cheese - null
[2020-08-13T23:16:54.454] [DEBUG] cheese - null
[2020-08-13T23:30:04.255] [DEBUG] cheese - null
[2020-08-13T23:30:04.261] [DEBUG] cheese - null
[2020-08-13T23:30:32.125] [DEBUG] cheese - null
[2020-08-13T23:30:32.131] [DEBUG] cheese - null
[2020-08-13T23:31:57.141] [DEBUG] cheese - null
[2020-08-13T23:31:57.146] [DEBUG] cheese - null
[2020-08-13T23:32:11.730] [DEBUG] cheese - null
[2020-08-13T23:32:11.736] [DEBUG] cheese - null
[2020-08-13T23:36:28.939] [DEBUG] cheese - null
[2020-08-13T23:36:28.944] [DEBUG] cheese - null
[2020-08-13T23:36:33.752] [DEBUG] cheese - null
[2020-08-13T23:36:33.759] [DEBUG] cheese - null
[2020-08-13T23:37:14.939] [DEBUG] cheese - null
[2020-08-13T23:37:14.944] [DEBUG] cheese - null
[2020-08-13T23:37:30.589] [DEBUG] cheese - null
[2020-08-13T23:37:30.600] [DEBUG] cheese - null
[2020-08-13T23:38:09.622] [DEBUG] cheese - null
[2020-08-13T23:38:09.627] [DEBUG] cheese - null
[2020-08-13T23:38:36.279] [DEBUG] cheese - null
[2020-08-13T23:38:36.285] [DEBUG] cheese - null
[2020-08-13T23:38:40.751] [DEBUG] cheese - null
[2020-08-13T23:38:40.771] [DEBUG] cheese - null
[2020-08-13T23:45:25.552] [DEBUG] cheese - null
[2020-08-13T23:45:25.556] [DEBUG] cheese - null
[2020-08-13T23:47:52.745] [DEBUG] cheese - null
[2020-08-13T23:47:52.751] [DEBUG] cheese - null
[2020-08-13T23:49:07.448] [DEBUG] cheese - null
[2020-08-13T23:49:07.458] [DEBUG] cheese - null
[2020-08-13T23:49:12.352] [DEBUG] cheese - null
[2020-08-13T23:49:12.357] [DEBUG] cheese - null
[2020-08-13T23:49:17.933] [DEBUG] cheese - null
[2020-08-13T23:49:17.985] [DEBUG] cheese - null
[2020-08-13T23:49:21.783] [DEBUG] cheese - null
[2020-08-13T23:49:21.788] [DEBUG] cheese - null
[2020-08-13T23:49:25.285] [DEBUG] cheese - null
[2020-08-13T23:49:25.299] [DEBUG] cheese - null
[2020-08-13T23:49:46.597] [DEBUG] cheese - null
[2020-08-13T23:49:46.601] [DEBUG] cheese - null
[2020-08-13T23:49:49.579] [DEBUG] cheese - null
[2020-08-13T23:49:49.583] [DEBUG] cheese - null
[2020-08-13T23:49:54.539] [DEBUG] cheese - null
[2020-08-13T23:49:54.549] [DEBUG] cheese - null
[2020-08-13T23:49:57.770] [DEBUG] cheese - null
[2020-08-13T23:49:57.779] [DEBUG] cheese - null
[2020-08-13T23:51:26.236] [DEBUG] cheese - null
[2020-08-13T23:51:26.244] [DEBUG] cheese - null
[2020-08-13T23:51:28.310] [DEBUG] cheese - null
[2020-08-13T23:51:28.316] [DEBUG] cheese - null
[2020-08-13T23:51:33.574] [DEBUG] cheese - null
[2020-08-13T23:51:33.580] [DEBUG] cheese - null
[2020-08-13T23:52:52.784] [DEBUG] cheese - null
[2020-08-13T23:52:52.811] [DEBUG] cheese - null
[2020-08-13T23:52:54.991] [DEBUG] cheese - null
[2020-08-13T23:52:54.997] [DEBUG] cheese - null
[2020-08-13T23:53:12.284] [DEBUG] cheese - null
[2020-08-13T23:53:12.294] [DEBUG] cheese - null
[2020-08-13T23:53:27.248] [DEBUG] cheese - null
[2020-08-13T23:53:27.262] [DEBUG] cheese - null
[2020-08-13T23:53:28.464] [DEBUG] cheese - null
[2020-08-13T23:53:28.506] [DEBUG] cheese - null
[2020-08-13T23:53:29.838] [DEBUG] cheese - null
[2020-08-13T23:53:29.843] [DEBUG] cheese - null
[2020-08-13T23:53:43.948] [DEBUG] cheese - null
[2020-08-13T23:53:43.953] [DEBUG] cheese - null
[2020-08-13T23:54:41.845] [DEBUG] cheese - null
[2020-08-13T23:54:41.857] [DEBUG] cheese - null
[2020-08-13T23:55:12.213] [DEBUG] cheese - null
[2020-08-13T23:55:12.218] [DEBUG] cheese - null
[2020-08-13T23:55:42.925] [DEBUG] cheese - null
[2020-08-13T23:55:42.936] [DEBUG] cheese - null
[2020-08-13T23:55:44.974] [DEBUG] cheese - null
[2020-08-13T23:55:44.979] [DEBUG] cheese - null
[2020-08-13T23:58:07.693] [DEBUG] cheese - null
[2020-08-13T23:58:07.702] [DEBUG] cheese - null
[2020-08-13T23:58:27.167] [DEBUG] cheese - null
[2020-08-13T23:58:27.185] [DEBUG] cheese - null
[2020-08-14T00:01:29.342] [DEBUG] cheese - null
[2020-08-14T00:01:29.348] [DEBUG] cheese - null
[2020-08-14T00:01:35.537] [DEBUG] cheese - null
[2020-08-14T00:01:35.549] [DEBUG] cheese - null
[2020-08-14T00:02:15.638] [DEBUG] cheese - null
[2020-08-14T00:02:15.651] [DEBUG] cheese - null
[2020-08-14T00:03:36.018] [DEBUG] cheese - null
[2020-08-14T00:03:36.040] [DEBUG] cheese - null
[2020-08-14T00:03:42.239] [DEBUG] cheese - null
[2020-08-14T00:03:42.251] [DEBUG] cheese - null
[2020-08-14T00:03:51.280] [DEBUG] cheese - null
[2020-08-14T00:03:51.285] [DEBUG] cheese - null
[2020-08-14T00:03:51.438] [DEBUG] cheese - null
[2020-08-14T00:03:51.450] [DEBUG] cheese - null
[2020-08-14T00:04:24.170] [DEBUG] cheese - null
[2020-08-14T00:04:24.175] [DEBUG] cheese - null
[2020-08-14T00:04:42.358] [DEBUG] cheese - null
[2020-08-14T00:04:42.367] [DEBUG] cheese - null
[2020-08-14T00:04:46.881] [DEBUG] cheese - null
[2020-08-14T00:04:46.888] [DEBUG] cheese - null
[2020-08-14T00:04:46.994] [DEBUG] cheese - null
[2020-08-14T00:04:47.000] [DEBUG] cheese - null
[2020-08-14T00:04:48.736] [DEBUG] cheese - null
[2020-08-14T00:04:48.742] [DEBUG] cheese - null
[2020-08-14T00:04:49.532] [DEBUG] cheese - null
[2020-08-14T00:04:49.539] [DEBUG] cheese - null
[2020-08-14T00:04:52.067] [DEBUG] cheese - null
[2020-08-14T00:04:52.077] [DEBUG] cheese - null
[2020-08-14T00:05:00.545] [DEBUG] cheese - null
[2020-08-14T00:05:00.553] [DEBUG] cheese - null
[2020-08-14T00:05:00.679] [DEBUG] cheese - null
[2020-08-14T00:05:00.688] [DEBUG] cheese - null
[2020-08-14T00:05:03.577] [DEBUG] cheese - null
[2020-08-14T00:05:03.588] [DEBUG] cheese - null
[2020-08-14T00:05:10.957] [DEBUG] cheese - null
[2020-08-14T00:05:10.962] [DEBUG] cheese - null
[2020-08-14T00:05:11.103] [DEBUG] cheese - null
[2020-08-14T00:05:11.111] [DEBUG] cheese - null
[2020-08-14T00:11:10.345] [DEBUG] cheese - null
[2020-08-14T00:11:10.352] [DEBUG] cheese - null
[2020-08-14T00:13:06.375] [DEBUG] cheese - null
[2020-08-14T00:13:06.386] [DEBUG] cheese - null
[2020-08-14T00:13:11.406] [DEBUG] cheese - null
[2020-08-14T00:13:11.412] [DEBUG] cheese - null
[2020-08-14T00:13:11.843] [DEBUG] cheese - null
[2020-08-14T00:13:11.850] [DEBUG] cheese - null
[2020-08-14T00:13:12.492] [DEBUG] cheese - null
[2020-08-14T00:13:12.499] [DEBUG] cheese - null
[2020-08-14T00:13:14.707] [DEBUG] cheese - null
[2020-08-14T00:13:14.713] [DEBUG] cheese - null
[2020-08-14T00:13:24.135] [DEBUG] cheese - null
[2020-08-14T00:13:24.140] [DEBUG] cheese - null
[2020-08-14T00:15:23.331] [DEBUG] cheese - null
[2020-08-14T00:15:23.338] [DEBUG] cheese - null
[2020-08-14T00:15:25.893] [DEBUG] cheese - null
[2020-08-14T00:15:25.900] [DEBUG] cheese - null
[2020-08-14T00:30:04.823] [DEBUG] cheese - null
[2020-08-14T00:30:04.850] [DEBUG] cheese - null
[2020-08-14T00:30:07.232] [DEBUG] cheese - null
[2020-08-14T00:30:07.250] [DEBUG] cheese - null
[2020-08-14T00:30:43.203] [DEBUG] cheese - null
[2020-08-14T00:30:43.211] [DEBUG] cheese - null
[2020-08-14T00:30:45.600] [DEBUG] cheese - null
[2020-08-14T00:30:45.609] [DEBUG] cheese - null
[2020-08-14T00:31:02.164] [DEBUG] cheese - null
[2020-08-14T00:31:02.176] [DEBUG] cheese - null
[2020-08-14T00:31:04.485] [DEBUG] cheese - null
[2020-08-14T00:31:04.496] [DEBUG] cheese - null
[2020-08-14T00:31:14.035] [DEBUG] cheese - null
[2020-08-14T00:31:14.045] [DEBUG] cheese - null
[2020-08-14T00:31:24.977] [DEBUG] cheese - null
[2020-08-14T00:31:24.983] [DEBUG] cheese - null
[2020-08-14T00:31:29.457] [DEBUG] cheese - null
[2020-08-14T00:31:29.465] [DEBUG] cheese - null
[2020-08-14T00:31:32.290] [DEBUG] cheese - null
[2020-08-14T00:31:32.317] [DEBUG] cheese - null
[2020-08-14T00:35:07.641] [DEBUG] cheese - null
[2020-08-14T00:35:07.648] [DEBUG] cheese - null
[2020-08-14T00:36:22.715] [DEBUG] cheese - null
[2020-08-14T00:36:22.721] [DEBUG] cheese - null
[2020-08-14T00:37:03.433] [DEBUG] cheese - null
[2020-08-14T00:37:03.438] [DEBUG] cheese - null
[2020-08-14T00:37:31.830] [DEBUG] cheese - null
[2020-08-14T00:37:31.836] [DEBUG] cheese - null
[2020-08-14T00:37:45.876] [DEBUG] cheese - null
[2020-08-14T00:37:45.881] [DEBUG] cheese - null
[2020-08-14T00:38:15.470] [DEBUG] cheese - null
[2020-08-14T00:38:15.476] [DEBUG] cheese - null
[2020-08-14T00:38:27.227] [DEBUG] cheese - null
[2020-08-14T00:38:27.235] [DEBUG] cheese - null
[2020-08-14T00:45:31.765] [DEBUG] cheese - null
[2020-08-14T00:45:31.771] [DEBUG] cheese - null
[2020-08-14T00:47:45.922] [DEBUG] cheese - null
[2020-08-14T00:47:45.934] [DEBUG] cheese - null
[2020-08-14T00:48:38.705] [DEBUG] cheese - null
[2020-08-14T00:48:38.714] [DEBUG] cheese - null
[2020-08-14T00:49:08.973] [DEBUG] cheese - null
[2020-08-14T00:49:08.988] [DEBUG] cheese - null
[2020-08-14T00:51:19.646] [DEBUG] cheese - null
[2020-08-14T00:51:19.665] [DEBUG] cheese - null
[2020-08-14T00:52:11.854] [DEBUG] cheese - null
[2020-08-14T00:52:11.859] [DEBUG] cheese - null
[2020-08-14T00:52:46.798] [DEBUG] cheese - null
[2020-08-14T00:52:46.807] [DEBUG] cheese - null
[2020-08-14T00:56:47.353] [DEBUG] cheese - null
[2020-08-14T00:56:47.360] [DEBUG] cheese - null
[2020-08-14T00:57:16.236] [DEBUG] cheese - null
[2020-08-14T00:57:16.249] [DEBUG] cheese - null
[2020-08-14T00:58:04.269] [DEBUG] cheese - null
[2020-08-14T00:58:04.275] [DEBUG] cheese - null
[2020-08-14T00:58:23.034] [DEBUG] cheese - null
[2020-08-14T00:58:23.042] [DEBUG] cheese - null
[2020-08-14T00:58:37.716] [DEBUG] cheese - null
[2020-08-14T00:58:37.728] [DEBUG] cheese - null
[2020-08-14T00:59:07.548] [DEBUG] cheese - null
[2020-08-14T00:59:07.556] [DEBUG] cheese - null
[2020-08-14T15:29:46.395] [DEBUG] cheese - login => username:mywai,password:123456
[2020-08-14T15:29:46.400] [DEBUG] cheese - mywai
[2020-08-14T15:29:46.464] [DEBUG] cheese - null
[2020-08-14T15:29:46.465] [DEBUG] cheese - null
[2020-08-14T15:29:54.003] [DEBUG] cheese - login => username:myway,password:123456
[2020-08-14T15:29:54.003] [DEBUG] cheese - myway
[2020-08-14T15:29:54.022] [DEBUG] cheese - null
[2020-08-14T15:29:54.023] [DEBUG] cheese - null
[2020-08-14T15:29:59.075] [DEBUG] cheese - null
[2020-08-14T15:29:59.082] [DEBUG] cheese - null
[2020-08-14T15:30:02.521] [DEBUG] cheese - null
[2020-08-14T15:30:02.529] [DEBUG] cheese - null
[2020-08-14T15:33:14.442] [DEBUG] cheese - null
[2020-08-14T15:33:14.450] [DEBUG] cheese - null
[2020-08-14T15:33:22.220] [DEBUG] cheese - null
[2020-08-14T15:33:22.226] [DEBUG] cheese - null
[2020-08-14T15:33:42.094] [DEBUG] cheese - null
[2020-08-14T15:33:42.099] [DEBUG] cheese - null
[2020-08-14T15:35:14.337] [DEBUG] cheese - null
[2020-08-14T15:35:14.343] [DEBUG] cheese - null
[2020-08-14T15:35:49.717] [DEBUG] cheese - null
[2020-08-14T15:35:49.721] [DEBUG] cheese - null
[2020-08-14T15:36:27.541] [DEBUG] cheese - null
[2020-08-14T15:36:27.547] [DEBUG] cheese - null
[2020-08-14T15:36:33.185] [DEBUG] cheese - null
[2020-08-14T15:36:33.192] [DEBUG] cheese - null
[2020-08-14T15:36:45.340] [DEBUG] cheese - null
[2020-08-14T15:36:45.351] [DEBUG] cheese - null
[2020-08-14T15:36:51.186] [DEBUG] cheese - null
[2020-08-14T15:36:51.197] [DEBUG] cheese - null
[2020-08-14T15:38:06.422] [DEBUG] cheese - null
[2020-08-14T15:38:06.427] [DEBUG] cheese - null
[2020-08-14T15:38:11.908] [DEBUG] cheese - null
[2020-08-14T15:38:11.916] [DEBUG] cheese - null
[2020-08-14T15:38:17.185] [DEBUG] cheese - null
[2020-08-14T15:38:17.195] [DEBUG] cheese - null
[2020-08-14T15:38:21.291] [DEBUG] cheese - null
[2020-08-14T15:38:21.297] [DEBUG] cheese - null
[2020-08-14T15:44:23.289] [DEBUG] cheese - null
[2020-08-14T15:44:23.295] [DEBUG] cheese - null
[2020-08-14T15:44:36.506] [DEBUG] cheese - null
[2020-08-14T15:44:36.522] [DEBUG] cheese - null
[2020-08-14T15:44:39.929] [DEBUG] cheese - null
[2020-08-14T15:44:39.955] [DEBUG] cheese - null
[2020-08-14T15:44:46.005] [DEBUG] cheese - null
[2020-08-14T15:44:46.018] [DEBUG] cheese - null
[2020-08-14T15:44:47.761] [DEBUG] cheese - null
[2020-08-14T15:44:47.766] [DEBUG] cheese - null
[2020-08-14T15:48:52.939] [DEBUG] cheese - null
[2020-08-14T15:48:52.944] [DEBUG] cheese - null
[2020-08-14T15:49:07.126] [DEBUG] cheese - null
[2020-08-14T15:49:07.142] [DEBUG] cheese - null
[2020-08-14T15:50:09.819] [DEBUG] cheese - null
[2020-08-14T15:50:09.825] [DEBUG] cheese - null
[2020-08-14T15:56:50.925] [DEBUG] cheese - null
[2020-08-14T15:56:50.932] [DEBUG] cheese - null
[2020-08-14T15:58:47.226] [DEBUG] cheese - null
[2020-08-14T15:58:47.234] [DEBUG] cheese - null
[2020-08-14T15:59:03.739] [DEBUG] cheese - null
[2020-08-14T15:59:03.745] [DEBUG] cheese - null
[2020-08-14T15:59:16.126] [DEBUG] cheese - null
[2020-08-14T15:59:16.131] [DEBUG] cheese - null
[2020-08-14T15:59:20.391] [DEBUG] cheese - null
[2020-08-14T15:59:20.408] [DEBUG] cheese - null
[2020-08-14T15:59:23.360] [DEBUG] cheese - null
[2020-08-14T15:59:23.366] [DEBUG] cheese - null
[2020-08-14T15:59:52.106] [DEBUG] cheese - null
[2020-08-14T15:59:52.116] [DEBUG] cheese - null
[2020-08-14T15:59:55.815] [DEBUG] cheese - null
[2020-08-14T15:59:55.833] [DEBUG] cheese - null
[2020-08-14T15:59:58.589] [DEBUG] cheese - null
[2020-08-14T15:59:58.594] [DEBUG] cheese - null
[2020-08-14T16:00:59.876] [DEBUG] cheese - null
[2020-08-14T16:00:59.881] [DEBUG] cheese - null
[2020-08-14T16:01:40.748] [DEBUG] cheese - null
[2020-08-14T16:01:40.758] [DEBUG] cheese - null
[2020-08-14T16:02:45.327] [DEBUG] cheese - null
[2020-08-14T16:02:45.334] [DEBUG] cheese - null
[2020-08-14T16:02:52.954] [DEBUG] cheese - null
[2020-08-14T16:02:52.964] [DEBUG] cheese - null
[2020-08-14T16:02:54.540] [DEBUG] cheese - null
[2020-08-14T16:02:54.547] [DEBUG] cheese - null
[2020-08-14T16:03:58.051] [DEBUG] cheese - null
[2020-08-14T16:03:58.059] [DEBUG] cheese - null
[2020-08-14T16:16:01.603] [DEBUG] cheese - null
[2020-08-14T16:16:01.609] [DEBUG] cheese - null
[2020-08-14T16:17:42.690] [DEBUG] cheese - null
[2020-08-14T16:17:42.698] [DEBUG] cheese - null
[2020-08-14T16:17:47.300] [DEBUG] cheese - null
[2020-08-14T16:17:47.306] [DEBUG] cheese - null
[2020-08-14T16:17:54.228] [DEBUG] cheese - null
[2020-08-14T16:17:54.234] [DEBUG] cheese - null
[2020-08-14T16:18:26.728] [DEBUG] cheese - null
[2020-08-14T16:18:26.733] [DEBUG] cheese - null
[2020-08-14T16:18:31.899] [DEBUG] cheese - null
[2020-08-14T16:18:31.905] [DEBUG] cheese - null
[2020-08-14T16:19:42.559] [DEBUG] cheese - null
[2020-08-14T16:19:42.565] [DEBUG] cheese - null
[2020-08-14T16:19:54.046] [DEBUG] cheese - null
[2020-08-14T16:19:54.051] [DEBUG] cheese - null
[2020-08-14T16:19:57.642] [DEBUG] cheese - null
[2020-08-14T16:19:57.653] [DEBUG] cheese - null
[2020-08-14T16:20:13.675] [DEBUG] cheese - null
[2020-08-14T16:20:13.685] [DEBUG] cheese - null
[2020-08-14T16:20:16.177] [DEBUG] cheese - null
[2020-08-14T16:20:16.186] [DEBUG] cheese - null
[2020-08-14T16:20:19.840] [DEBUG] cheese - null
[2020-08-14T16:20:19.848] [DEBUG] cheese - null
[2020-08-14T16:20:26.843] [DEBUG] cheese - null
[2020-08-14T16:20:26.854] [DEBUG] cheese - null
[2020-08-14T16:21:15.630] [DEBUG] cheese - null
[2020-08-14T16:21:15.636] [DEBUG] cheese - null
[2020-08-14T16:22:14.747] [DEBUG] cheese - null
[2020-08-14T16:22:14.753] [DEBUG] cheese - null
[2020-08-14T16:22:19.552] [DEBUG] cheese - null
[2020-08-14T16:22:19.558] [DEBUG] cheese - null
[2020-08-14T16:23:49.619] [DEBUG] cheese - null
[2020-08-14T16:23:49.625] [DEBUG] cheese - null
[2020-08-14T16:25:15.528] [DEBUG] cheese - null
[2020-08-14T16:25:15.540] [DEBUG] cheese - null
[2020-08-14T16:25:19.066] [DEBUG] cheese - null
[2020-08-14T16:25:19.076] [DEBUG] cheese - null
[2020-08-14T16:25:24.282] [DEBUG] cheese - null
[2020-08-14T16:25:24.288] [DEBUG] cheese - null
[2020-08-14T16:27:48.185] [DEBUG] cheese - null
[2020-08-14T16:27:48.190] [DEBUG] cheese - null
[2020-08-14T16:28:43.056] [DEBUG] cheese - null
[2020-08-14T16:28:43.096] [DEBUG] cheese - null
[2020-08-14T16:28:45.679] [DEBUG] cheese - null
[2020-08-14T16:28:45.684] [DEBUG] cheese - null
[2020-08-14T16:33:18.841] [DEBUG] cheese - null
[2020-08-14T16:33:18.872] [DEBUG] cheese - null
[2020-08-14T16:33:21.312] [DEBUG] cheese - null
[2020-08-14T16:33:21.332] [DEBUG] cheese - null
[2020-08-14T16:36:04.419] [DEBUG] cheese - null
[2020-08-14T16:36:04.432] [DEBUG] cheese - null
[2020-08-14T16:36:12.536] [DEBUG] cheese - null
[2020-08-14T16:36:12.565] [DEBUG] cheese - null
[2020-08-14T16:36:16.194] [DEBUG] cheese - null
[2020-08-14T16:36:16.205] [DEBUG] cheese - null
[2020-08-14T16:36:18.978] [DEBUG] cheese - null
[2020-08-14T16:36:18.987] [DEBUG] cheese - null
[2020-08-14T16:36:26.872] [DEBUG] cheese - null
[2020-08-14T16:36:26.879] [DEBUG] cheese - null
[2020-08-14T16:36:32.130] [DEBUG] cheese - null
[2020-08-14T16:36:32.143] [DEBUG] cheese - null
[2020-08-14T16:36:35.636] [DEBUG] cheese - null
[2020-08-14T16:36:35.656] [DEBUG] cheese - null
[2020-08-14T16:36:36.487] [DEBUG] cheese - null
[2020-08-14T16:36:36.494] [DEBUG] cheese - null
[2020-08-14T16:36:49.744] [DEBUG] cheese - null
[2020-08-14T16:36:49.760] [DEBUG] cheese - null
[2020-08-14T16:36:51.909] [DEBUG] cheese - null
[2020-08-14T16:36:51.921] [DEBUG] cheese - null
[2020-08-14T16:36:55.675] [DEBUG] cheese - null
[2020-08-14T16:36:55.680] [DEBUG] cheese - null
[2020-08-14T16:39:43.286] [DEBUG] cheese - null
[2020-08-14T16:39:43.292] [DEBUG] cheese - null
[2020-08-14T16:40:23.667] [DEBUG] cheese - null
[2020-08-14T16:40:23.675] [DEBUG] cheese - null
[2020-08-14T16:40:42.188] [DEBUG] cheese - null
[2020-08-14T16:40:42.198] [DEBUG] cheese - null
[2020-08-14T16:40:47.278] [DEBUG] cheese - null
[2020-08-14T16:40:47.284] [DEBUG] cheese - null
[2020-08-14T16:40:58.710] [DEBUG] cheese - null
[2020-08-14T16:40:58.716] [DEBUG] cheese - null
[2020-08-14T16:41:00.319] [DEBUG] cheese - null
[2020-08-14T16:41:00.345] [DEBUG] cheese - null
[2020-08-14T16:41:04.680] [DEBUG] cheese - null
[2020-08-14T16:41:04.689] [DEBUG] cheese - null
[2020-08-14T16:41:13.581] [DEBUG] cheese - null
[2020-08-14T16:41:13.589] [DEBUG] cheese - null
[2020-08-14T16:41:26.155] [DEBUG] cheese - null
[2020-08-14T16:41:26.160] [DEBUG] cheese - null
[2020-08-14T16:41:30.279] [DEBUG] cheese - null
[2020-08-14T16:41:30.293] [DEBUG] cheese - null
[2020-08-14T16:41:39.814] [DEBUG] cheese - null
[2020-08-14T16:41:39.821] [DEBUG] cheese - null
[2020-08-14T16:41:40.146] [DEBUG] cheese - null
[2020-08-14T16:41:40.152] [DEBUG] cheese - null
[2020-08-14T16:41:43.969] [DEBUG] cheese - null
[2020-08-14T16:41:43.975] [DEBUG] cheese - null
[2020-08-14T16:41:55.844] [DEBUG] cheese - null
[2020-08-14T16:41:55.851] [DEBUG] cheese - null
[2020-08-14T16:41:59.461] [DEBUG] cheese - null
[2020-08-14T16:41:59.469] [DEBUG] cheese - null
[2020-08-14T16:42:06.019] [DEBUG] cheese - null
[2020-08-14T16:42:06.028] [DEBUG] cheese - null
[2020-08-14T16:42:36.211] [DEBUG] cheese - null
[2020-08-14T16:42:36.227] [DEBUG] cheese - null
[2020-08-14T16:42:41.665] [DEBUG] cheese - null
[2020-08-14T16:42:41.679] [DEBUG] cheese - null
[2020-08-14T16:42:48.344] [DEBUG] cheese - null
[2020-08-14T16:42:48.350] [DEBUG] cheese - null
[2020-08-14T16:42:48.457] [DEBUG] cheese - null
[2020-08-14T16:42:48.468] [DEBUG] cheese - null
[2020-08-14T16:43:42.406] [DEBUG] cheese - null
[2020-08-14T16:43:42.420] [DEBUG] cheese - null
[2020-08-14T16:43:45.811] [DEBUG] cheese - null
[2020-08-14T16:43:45.820] [DEBUG] cheese - null
[2020-08-14T16:48:19.052] [DEBUG] cheese - null
[2020-08-14T16:48:19.057] [DEBUG] cheese - null
[2020-08-14T16:53:08.590] [DEBUG] cheese - null
[2020-08-14T16:53:08.597] [DEBUG] cheese - null
[2020-08-14T16:53:41.296] [DEBUG] cheese - null
[2020-08-14T16:53:41.303] [DEBUG] cheese - null
[2020-08-14T16:53:43.738] [DEBUG] cheese - null
[2020-08-14T16:53:43.749] [DEBUG] cheese - null
[2020-08-14T16:53:48.210] [DEBUG] cheese - null
[2020-08-14T16:53:48.216] [DEBUG] cheese - null
[2020-08-14T16:54:12.809] [DEBUG] cheese - null
[2020-08-14T16:54:12.814] [DEBUG] cheese - null
[2020-08-14T16:54:22.737] [DEBUG] cheese - null
[2020-08-14T16:54:22.742] [DEBUG] cheese - null
[2020-08-14T16:54:25.732] [DEBUG] cheese - null
[2020-08-14T16:54:25.750] [DEBUG] cheese - null
[2020-08-14T16:55:31.952] [DEBUG] cheese - null
[2020-08-14T16:55:31.959] [DEBUG] cheese - null
[2020-08-14T16:55:39.968] [DEBUG] cheese - null
[2020-08-14T16:55:39.973] [DEBUG] cheese - null
[2020-08-14T16:56:09.370] [DEBUG] cheese - null
[2020-08-14T16:56:09.376] [DEBUG] cheese - null
[2020-08-14T16:56:11.552] [DEBUG] cheese - null
[2020-08-14T16:56:11.565] [DEBUG] cheese - null
[2020-08-14T16:56:14.499] [DEBUG] cheese - null
[2020-08-14T16:56:14.507] [DEBUG] cheese - null
[2020-08-14T16:58:13.520] [DEBUG] cheese - null
[2020-08-14T16:58:13.531] [DEBUG] cheese - null
[2020-08-14T16:59:22.370] [DEBUG] cheese - null
[2020-08-14T16:59:22.377] [DEBUG] cheese - null
[2020-08-14T16:59:45.466] [DEBUG] cheese - null
[2020-08-14T16:59:45.480] [DEBUG] cheese - null
[2020-08-14T16:59:47.651] [DEBUG] cheese - null
[2020-08-14T16:59:47.657] [DEBUG] cheese - null
[2020-08-14T16:59:52.116] [DEBUG] cheese - null
[2020-08-14T16:59:52.127] [DEBUG] cheese - null
[2020-08-14T16:59:54.241] [DEBUG] cheese - null
[2020-08-14T17:00:23.871] [DEBUG] cheese - null
[2020-08-14T17:00:23.884] [DEBUG] cheese - null
[2020-08-14T17:00:26.894] [DEBUG] cheese - null
[2020-08-14T17:00:26.909] [DEBUG] cheese - null
[2020-08-14T17:00:29.003] [DEBUG] cheese - null
[2020-08-14T17:01:33.539] [DEBUG] cheese - null
[2020-08-14T17:01:33.547] [DEBUG] cheese - null
[2020-08-14T17:01:38.247] [DEBUG] cheese - null
[2020-08-14T17:01:38.254] [DEBUG] cheese - null
[2020-08-14T17:01:42.545] [DEBUG] cheese - null
[2020-08-14T17:01:49.979] [DEBUG] cheese - null
[2020-08-14T17:02:00.426] [DEBUG] cheese - null
[2020-08-14T17:02:00.436] [DEBUG] cheese - null
[2020-08-14T17:02:05.422] [DEBUG] cheese - null
[2020-08-14T17:02:05.428] [DEBUG] cheese - null
[2020-08-14T17:02:07.631] [DEBUG] cheese - null
[2020-08-14T17:02:07.649] [DEBUG] cheese - null
[2020-08-14T17:02:10.084] [DEBUG] cheese - null
[2020-08-14T17:02:10.091] [DEBUG] cheese - null
[2020-08-14T17:02:12.591] [DEBUG] cheese - null
[2020-08-14T17:03:07.032] [DEBUG] cheese - null
[2020-08-14T17:03:07.041] [DEBUG] cheese - null
[2020-08-14T17:03:13.687] [DEBUG] cheese - null
[2020-08-14T17:03:13.699] [DEBUG] cheese - null
[2020-08-14T17:03:15.660] [DEBUG] cheese - null
[2020-08-14T17:06:17.815] [DEBUG] cheese - null
[2020-08-14T17:08:51.564] [DEBUG] cheese - null
[2020-08-14T17:09:33.361] [DEBUG] cheese - null
[2020-08-14T17:10:09.609] [DEBUG] cheese - null
[2020-08-14T17:13:31.089] [DEBUG] cheese - null
[2020-08-14T17:13:59.591] [DEBUG] cheese - null
[2020-08-14T17:13:59.611] [DEBUG] cheese - null
[2020-08-14T17:14:02.889] [DEBUG] cheese - null
[2020-08-14T17:14:02.899] [DEBUG] cheese - null
[2020-08-14T17:14:04.207] [DEBUG] cheese - null
[2020-08-14T17:16:22.897] [DEBUG] cheese - login => username:myway,password:123456
[2020-08-14T17:16:22.899] [DEBUG] cheese - myway
[2020-08-14T17:16:22.949] [DEBUG] cheese - null
[2020-08-14T17:16:22.950] [DEBUG] cheese - null
[2020-08-14T17:16:27.114] [DEBUG] cheese - null
[2020-08-14T17:16:27.121] [DEBUG] cheese - null
[2020-08-14T17:16:32.353] [DEBUG] cheese - null
[2020-08-14T17:16:32.360] [DEBUG] cheese - null
[2020-08-14T17:16:35.705] [DEBUG] cheese - null
[2020-08-14T17:16:35.718] [DEBUG] cheese - null
[2020-08-14T17:16:39.523] [DEBUG] cheese - null
[2020-08-14T17:21:23.023] [DEBUG] cheese - null
[2020-08-14T17:51:31.020] [DEBUG] cheese - null
[2020-08-14T17:51:38.294] [DEBUG] cheese - null
[2020-08-14T17:51:38.307] [DEBUG] cheese - null
[2020-08-14T17:51:41.335] [DEBUG] cheese - null
[2020-08-14T17:51:41.345] [DEBUG] cheese - null
[2020-08-14T17:51:43.036] [DEBUG] cheese - null
[2020-08-14T17:52:21.947] [DEBUG] cheese - null
[2020-08-14T18:40:55.156] [DEBUG] cheese - null
[2020-08-14T18:40:55.165] [DEBUG] cheese - null
[2020-08-14T18:41:00.277] [DEBUG] cheese - null
[2020-08-14T20:02:08.762] [DEBUG] cheese - null
[2020-08-14T20:02:08.774] [DEBUG] cheese - null
[2020-08-14T20:02:13.339] [DEBUG] cheese - null
[2020-08-14T20:02:13.355] [DEBUG] cheese - null
[2020-08-14T20:03:22.514] [DEBUG] cheese - null
[2020-08-14T20:03:22.521] [DEBUG] cheese - null
[2020-08-14T20:03:40.219] [DEBUG] cheese - null
[2020-08-14T20:03:40.230] [DEBUG] cheese - null
[2020-08-14T20:03:42.954] [DEBUG] cheese - null
[2020-08-14T20:03:42.968] [DEBUG] cheese - null
[2020-08-14T20:03:55.961] [DEBUG] cheese - null
[2020-08-14T20:03:55.969] [DEBUG] cheese - null
[2020-08-14T20:03:58.253] [DEBUG] cheese - null
[2020-08-14T20:03:58.274] [DEBUG] cheese - null
[2020-08-14T20:04:00.633] [DEBUG] cheese - null
[2020-08-14T20:05:26.075] [DEBUG] cheese - null
[2020-08-14T20:05:26.204] [DEBUG] cheese - null
[2020-08-14T20:05:28.957] [DEBUG] cheese - null
[2020-08-14T20:05:28.967] [DEBUG] cheese - null
[2020-08-14T20:05:33.748] [DEBUG] cheese - null
[2020-08-14T20:05:56.318] [DEBUG] cheese - null
[2020-08-14T20:06:32.418] [DEBUG] cheese - null
[2020-08-14T20:07:16.805] [DEBUG] cheese - null
[2020-08-14T20:07:50.357] [DEBUG] cheese - null
[2020-08-14T20:08:13.518] [DEBUG] cheese - null
[2020-08-14T20:08:13.528] [DEBUG] cheese - null
[2020-08-14T20:08:22.474] [DEBUG] cheese - null
[2020-08-14T20:08:22.488] [DEBUG] cheese - null
[2020-08-14T20:08:24.838] [DEBUG] cheese - null
[2020-08-14T20:08:24.843] [DEBUG] cheese - null
[2020-08-14T20:09:49.345] [DEBUG] cheese - null
[2020-08-14T20:09:49.357] [DEBUG] cheese - null
[2020-08-14T20:10:25.957] [DEBUG] cheese - null
[2020-08-14T20:10:25.975] [DEBUG] cheese - null
[2020-08-14T20:10:28.686] [DEBUG] cheese - null
[2020-08-14T20:10:28.712] [DEBUG] cheese - null
[2020-08-14T20:10:31.996] [DEBUG] cheese - null
[2020-08-14T20:10:32.004] [DEBUG] cheese - null
[2020-08-14T20:10:34.466] [DEBUG] cheese - null
[2020-08-14T20:10:34.470] [DEBUG] cheese - null
[2020-08-14T20:10:51.141] [DEBUG] cheese - null
[2020-08-14T20:10:51.150] [DEBUG] cheese - null
[2020-08-14T20:10:56.787] [DEBUG] cheese - null
[2020-08-14T20:10:56.812] [DEBUG] cheese - null
[2020-08-14T20:11:21.658] [DEBUG] cheese - null
[2020-08-14T20:11:21.668] [DEBUG] cheese - null
[2020-08-14T20:11:24.552] [DEBUG] cheese - null
[2020-08-14T20:11:24.560] [DEBUG] cheese - null
[2020-08-14T20:11:25.858] [DEBUG] cheese - null
[2020-08-14T20:11:25.863] [DEBUG] cheese - null
[2020-08-14T20:11:29.470] [DEBUG] cheese - null
[2020-08-14T20:11:29.475] [DEBUG] cheese - null
[2020-08-14T20:11:29.579] [DEBUG] cheese - null
[2020-08-14T20:11:29.585] [DEBUG] cheese - null
[2020-08-14T20:12:16.243] [DEBUG] cheese - null
[2020-08-14T20:12:16.254] [DEBUG] cheese - null
[2020-08-14T20:12:20.772] [DEBUG] cheese - null
[2020-08-14T20:12:20.780] [DEBUG] cheese - null
[2020-08-14T20:12:24.575] [DEBUG] cheese - null
[2020-08-14T20:12:24.580] [DEBUG] cheese - null
[2020-08-14T20:12:24.674] [DEBUG] cheese - null
[2020-08-14T20:12:24.678] [DEBUG] cheese - null
[2020-08-14T20:12:27.197] [DEBUG] cheese - null
[2020-08-14T20:12:27.202] [DEBUG] cheese - null
[2020-08-14T20:12:28.675] [DEBUG] cheese - null
[2020-08-14T20:12:28.682] [DEBUG] cheese - null
[2020-08-14T20:12:31.487] [DEBUG] cheese - null
[2020-08-14T20:12:31.493] [DEBUG] cheese - null
[2020-08-14T20:12:33.090] [DEBUG] cheese - null
[2020-08-14T20:12:33.095] [DEBUG] cheese - null
[2020-08-14T20:12:38.767] [DEBUG] cheese - null
[2020-08-14T20:12:38.774] [DEBUG] cheese - null
[2020-08-14T20:12:38.898] [DEBUG] cheese - null
[2020-08-14T20:12:38.905] [DEBUG] cheese - null
[2020-08-14T20:12:43.230] [DEBUG] cheese - null
[2020-08-14T20:12:43.236] [DEBUG] cheese - null
[2020-08-14T20:12:43.293] [DEBUG] cheese - null
[2020-08-14T20:12:43.298] [DEBUG] cheese - null
[2020-08-14T20:15:29.791] [DEBUG] cheese - null
[2020-08-14T20:15:29.801] [DEBUG] cheese - null
[2020-08-14T20:15:33.581] [DEBUG] cheese - null
[2020-08-14T20:15:33.595] [DEBUG] cheese - null
[2020-08-14T20:15:41.699] [DEBUG] cheese - null
[2020-08-14T20:15:41.705] [DEBUG] cheese - null
[2020-08-14T20:15:44.096] [DEBUG] cheese - null
[2020-08-14T20:15:44.107] [DEBUG] cheese - null
[2020-08-14T20:15:48.158] [DEBUG] cheese - null
[2020-08-14T20:15:48.166] [DEBUG] cheese - null
[2020-08-14T20:15:48.280] [DEBUG] cheese - null
[2020-08-14T20:15:48.290] [DEBUG] cheese - null
[2020-08-14T20:15:57.294] [DEBUG] cheese - null
[2020-08-14T20:15:57.298] [DEBUG] cheese - null
[2020-08-14T20:15:57.373] [DEBUG] cheese - null
[2020-08-14T20:15:57.379] [DEBUG] cheese - null
[2020-08-14T20:16:01.582] [DEBUG] cheese - null
[2020-08-14T20:16:01.588] [DEBUG] cheese - null
[2020-08-14T20:16:02.952] [DEBUG] cheese - null
[2020-08-14T20:17:51.982] [DEBUG] cheese - null
[2020-08-14T20:17:51.986] [DEBUG] cheese - null
[2020-08-14T20:17:59.279] [DEBUG] cheese - null
[2020-08-14T20:17:59.288] [DEBUG] cheese - null
[2020-08-14T20:18:00.715] [DEBUG] cheese - null
[2020-08-14T20:18:09.540] [DEBUG] cheese - null
[2020-08-14T20:18:09.546] [DEBUG] cheese - null
[2020-08-14T20:18:22.002] [DEBUG] cheese - null
[2020-08-14T20:18:22.023] [DEBUG] cheese - null
[2020-08-14T20:18:26.241] [DEBUG] cheese - null
[2020-08-14T20:18:26.251] [DEBUG] cheese - null
[2020-08-14T20:18:27.372] [DEBUG] cheese - null
[2020-08-14T22:35:25.219] [DEBUG] cheese - null
[2020-08-14T22:35:25.237] [DEBUG] cheese - null
[2020-08-14T22:35:28.969] [DEBUG] cheese - null
[2020-08-14T22:35:28.985] [DEBUG] cheese - null
[2020-08-14T22:35:40.952] [DEBUG] cheese - null
[2020-08-14T22:35:40.957] [DEBUG] cheese - null
[2020-08-14T22:36:47.749] [DEBUG] cheese - null
[2020-08-14T22:36:47.771] [DEBUG] cheese - null
[2020-08-14T22:37:01.742] [DEBUG] cheese - null
[2020-08-14T22:37:01.748] [DEBUG] cheese - null
[2020-08-14T22:37:55.388] [DEBUG] cheese - null
[2020-08-14T22:37:55.394] [DEBUG] cheese - null
[2020-08-14T22:38:13.660] [DEBUG] cheese - null
[2020-08-14T22:38:13.668] [DEBUG] cheese - null
[2020-08-14T22:38:16.923] [DEBUG] cheese - null
[2020-08-14T22:38:16.937] [DEBUG] cheese - null
[2020-08-14T22:38:22.101] [DEBUG] cheese - null
[2020-08-14T22:38:22.117] [DEBUG] cheese - null
[2020-08-14T22:39:36.046] [DEBUG] cheese - null
[2020-08-14T22:39:36.075] [DEBUG] cheese - null
[2020-08-14T22:39:39.246] [DEBUG] cheese - null
[2020-08-14T22:39:39.257] [DEBUG] cheese - null
[2020-08-14T22:39:43.783] [DEBUG] cheese - null
[2020-08-14T22:39:43.803] [DEBUG] cheese - null
[2020-08-14T22:40:45.625] [DEBUG] cheese - null
[2020-08-14T22:40:45.630] [DEBUG] cheese - null
[2020-08-14T22:40:48.661] [DEBUG] cheese - null
[2020-08-14T22:40:48.675] [DEBUG] cheese - null
[2020-08-14T22:41:46.591] [DEBUG] cheese - null
[2020-08-14T22:41:46.596] [DEBUG] cheese - null
[2020-08-14T22:41:54.552] [DEBUG] cheese - null
[2020-08-14T22:41:54.557] [DEBUG] cheese - null
[2020-08-14T22:41:57.052] [DEBUG] cheese - null
[2020-08-14T22:41:57.064] [DEBUG] cheese - null
[2020-08-14T22:42:01.131] [DEBUG] cheese - null
[2020-08-14T22:42:01.163] [DEBUG] cheese - null
[2020-08-14T22:42:06.577] [DEBUG] cheese - null
[2020-08-14T22:42:06.607] [DEBUG] cheese - null
[2020-08-14T22:42:50.720] [DEBUG] cheese - null
[2020-08-14T22:42:50.740] [DEBUG] cheese - null
[2020-08-14T22:42:56.356] [DEBUG] cheese - null
[2020-08-14T22:42:56.370] [DEBUG] cheese - null
[2020-08-14T22:43:07.552] [DEBUG] cheese - null
[2020-08-14T22:43:07.557] [DEBUG] cheese - null
[2020-08-14T22:44:28.773] [DEBUG] cheese - null
[2020-08-14T22:44:28.807] [DEBUG] cheese - null
[2020-08-14T22:44:33.669] [DEBUG] cheese - null
[2020-08-14T22:44:33.678] [DEBUG] cheese - null
[2020-08-14T22:45:05.819] [DEBUG] cheese - null
[2020-08-14T22:45:05.829] [DEBUG] cheese - null
[2020-08-14T22:45:09.900] [DEBUG] cheese - null
[2020-08-14T22:45:09.909] [DEBUG] cheese - null
[2020-08-14T22:45:40.093] [DEBUG] cheese - null
[2020-08-14T22:45:40.102] [DEBUG] cheese - null
[2020-08-14T22:45:50.491] [DEBUG] cheese - null
[2020-08-14T22:45:50.498] [DEBUG] cheese - null
[2020-08-14T22:45:58.231] [DEBUG] cheese - null
[2020-08-14T22:45:58.236] [DEBUG] cheese - null
[2020-08-14T22:46:04.497] [DEBUG] cheese - null
[2020-08-14T22:46:04.506] [DEBUG] cheese - null
[2020-08-14T22:46:06.910] [DEBUG] cheese - null
[2020-08-14T22:46:06.922] [DEBUG] cheese - null
[2020-08-14T22:46:24.363] [DEBUG] cheese - null
[2020-08-14T22:46:24.373] [DEBUG] cheese - null
[2020-08-14T22:46:26.824] [DEBUG] cheese - null
[2020-08-14T22:46:26.828] [DEBUG] cheese - null
[2020-08-14T22:46:44.988] [DEBUG] cheese - null
[2020-08-14T22:46:44.994] [DEBUG] cheese - null
[2020-08-14T22:46:49.201] [DEBUG] cheese - null
[2020-08-14T22:46:49.206] [DEBUG] cheese - null
[2020-08-14T22:47:46.975] [DEBUG] cheese - null
[2020-08-14T22:47:46.981] [DEBUG] cheese - null
[2020-08-14T22:48:24.491] [DEBUG] cheese - null
[2020-08-14T22:48:24.496] [DEBUG] cheese - null
[2020-08-14T22:48:44.613] [DEBUG] cheese - null
[2020-08-14T22:48:44.620] [DEBUG] cheese - null
[2020-08-14T22:48:52.221] [DEBUG] cheese - null
[2020-08-14T22:48:52.230] [DEBUG] cheese - null
[2020-08-14T22:48:56.089] [DEBUG] cheese - null
[2020-08-14T22:48:56.095] [DEBUG] cheese - null
[2020-08-14T22:50:18.836] [DEBUG] cheese - null
[2020-08-14T22:50:18.850] [DEBUG] cheese - null
[2020-08-14T22:50:40.394] [DEBUG] cheese - null
[2020-08-14T22:50:40.400] [DEBUG] cheese - null
[2020-08-14T22:50:53.186] [DEBUG] cheese - null
[2020-08-14T22:50:53.192] [DEBUG] cheese - null
[2020-08-14T22:51:00.060] [DEBUG] cheese - null
[2020-08-14T22:51:00.072] [DEBUG] cheese - null
[2020-08-14T22:51:02.213] [DEBUG] cheese - null
[2020-08-14T22:51:02.221] [DEBUG] cheese - null
[2020-08-14T22:51:19.814] [DEBUG] cheese - null
[2020-08-14T22:51:19.822] [DEBUG] cheese - null
[2020-08-14T22:51:22.356] [DEBUG] cheese - null
[2020-08-14T22:51:22.367] [DEBUG] cheese - null
[2020-08-14T22:51:24.278] [DEBUG] cheese - null
[2020-08-14T22:51:24.284] [DEBUG] cheese - null
[2020-08-14T22:51:49.113] [DEBUG] cheese - null
[2020-08-14T22:51:49.119] [DEBUG] cheese - null
[2020-08-14T22:51:51.672] [DEBUG] cheese - null
[2020-08-14T22:51:51.687] [DEBUG] cheese - null
[2020-08-14T22:51:53.842] [DEBUG] cheese - null
[2020-08-14T22:51:53.851] [DEBUG] cheese - null
[2020-08-14T22:52:15.797] [DEBUG] cheese - null
[2020-08-14T22:52:15.803] [DEBUG] cheese - null
[2020-08-14T22:52:19.629] [DEBUG] cheese - null
[2020-08-14T22:52:19.637] [DEBUG] cheese - null
[2020-08-14T22:52:26.491] [DEBUG] cheese - null
[2020-08-14T22:52:26.507] [DEBUG] cheese - null
[2020-08-14T22:52:30.972] [DEBUG] cheese - null
[2020-08-14T22:52:30.982] [DEBUG] cheese - null
[2020-08-14T22:52:49.438] [DEBUG] cheese - null
[2020-08-14T22:52:49.443] [DEBUG] cheese - null
[2020-08-14T22:52:53.396] [DEBUG] cheese - null
[2020-08-14T22:52:53.402] [DEBUG] cheese - null
[2020-08-14T22:52:56.543] [DEBUG] cheese - null
[2020-08-14T22:52:56.553] [DEBUG] cheese - null
[2020-08-14T22:53:01.979] [DEBUG] cheese - null
[2020-08-14T22:53:01.985] [DEBUG] cheese - null
[2020-08-14T22:53:08.786] [DEBUG] cheese - null
[2020-08-14T22:53:08.794] [DEBUG] cheese - null
[2020-08-14T22:53:55.770] [DEBUG] cheese - null
[2020-08-14T22:53:55.777] [DEBUG] cheese - null
[2020-08-14T22:54:07.096] [DEBUG] cheese - null
[2020-08-14T22:54:07.109] [DEBUG] cheese - null
[2020-08-14T22:54:11.006] [DEBUG] cheese - null
[2020-08-14T22:54:11.017] [DEBUG] cheese - null
[2020-08-14T22:57:26.356] [DEBUG] cheese - null
[2020-08-14T22:57:26.366] [DEBUG] cheese - null
[2020-08-14T22:58:33.685] [DEBUG] cheese - null
[2020-08-14T22:58:33.690] [DEBUG] cheese - null
[2020-08-14T22:58:44.830] [DEBUG] cheese - null
[2020-08-14T22:58:44.844] [DEBUG] cheese - null
[2020-08-14T22:58:48.652] [DEBUG] cheese - null
[2020-08-14T22:58:48.659] [DEBUG] cheese - null
[2020-08-14T22:59:12.417] [DEBUG] cheese - null
[2020-08-14T22:59:12.423] [DEBUG] cheese - null
[2020-08-14T22:59:18.493] [DEBUG] cheese - null
[2020-08-14T22:59:18.500] [DEBUG] cheese - null
[2020-08-14T22:59:26.991] [DEBUG] cheese - null
[2020-08-14T22:59:27.005] [DEBUG] cheese - null
[2020-08-14T22:59:31.111] [DEBUG] cheese - null
[2020-08-14T22:59:31.130] [DEBUG] cheese - null
[2020-08-14T23:00:16.298] [DEBUG] cheese - null
[2020-08-14T23:00:16.314] [DEBUG] cheese - null
[2020-08-14T23:00:20.723] [DEBUG] cheese - null
[2020-08-14T23:00:20.730] [DEBUG] cheese - null
[2020-08-14T23:00:27.882] [DEBUG] cheese - null
[2020-08-14T23:00:27.889] [DEBUG] cheese - null
[2020-08-14T23:01:10.272] [DEBUG] cheese - null
[2020-08-14T23:01:10.278] [DEBUG] cheese - null
[2020-08-14T23:01:12.819] [DEBUG] cheese - null
[2020-08-14T23:01:12.826] [DEBUG] cheese - null
[2020-08-14T23:01:18.427] [DEBUG] cheese - null
[2020-08-14T23:01:18.439] [DEBUG] cheese - null
[2020-08-14T23:01:31.852] [DEBUG] cheese - null
[2020-08-14T23:01:31.861] [DEBUG] cheese - null
[2020-08-14T23:01:35.655] [DEBUG] cheese - null
[2020-08-14T23:01:35.662] [DEBUG] cheese - null
[2020-08-14T23:01:37.764] [DEBUG] cheese - null
[2020-08-14T23:01:37.769] [DEBUG] cheese - null
[2020-08-14T23:03:03.212] [DEBUG] cheese - null
[2020-08-14T23:03:03.279] [DEBUG] cheese - null
[2020-08-14T23:03:06.186] [DEBUG] cheese - null
[2020-08-14T23:03:06.192] [DEBUG] cheese - null
[2020-08-14T23:14:49.955] [DEBUG] cheese - null
[2020-08-14T23:14:49.961] [DEBUG] cheese - null
[2020-08-14T23:16:36.312] [DEBUG] cheese - null
[2020-08-14T23:16:36.319] [DEBUG] cheese - null
[2020-08-14T23:17:03.016] [DEBUG] cheese - null
[2020-08-14T23:17:03.021] [DEBUG] cheese - null
[2020-08-14T23:18:00.408] [DEBUG] cheese - null
[2020-08-14T23:18:00.412] [DEBUG] cheese - null
[2020-08-14T23:18:32.044] [DEBUG] cheese - null
[2020-08-14T23:18:32.047] [DEBUG] cheese - null
[2020-08-14T23:20:02.519] [DEBUG] cheese - null
[2020-08-14T23:20:02.524] [DEBUG] cheese - null
[2020-08-14T23:20:08.392] [DEBUG] cheese - null
[2020-08-14T23:20:08.405] [DEBUG] cheese - null
[2020-08-14T23:20:18.751] [DEBUG] cheese - null
[2020-08-14T23:20:18.758] [DEBUG] cheese - null
[2020-08-14T23:20:53.412] [DEBUG] cheese - null
[2020-08-14T23:20:53.418] [DEBUG] cheese - null
[2020-08-14T23:25:35.318] [DEBUG] cheese - null
[2020-08-14T23:25:35.324] [DEBUG] cheese - null
[2020-08-14T23:26:06.809] [DEBUG] cheese - null
[2020-08-14T23:26:06.816] [DEBUG] cheese - null
[2020-08-14T23:26:10.623] [DEBUG] cheese - null
[2020-08-14T23:26:10.638] [DEBUG] cheese - null
[2020-08-14T23:28:28.190] [DEBUG] cheese - null
[2020-08-14T23:28:28.197] [DEBUG] cheese - null
[2020-08-14T23:28:28.682] [DEBUG] cheese - null
[2020-08-14T23:28:28.688] [DEBUG] cheese - null
[2020-08-14T23:28:30.939] [DEBUG] cheese - null
[2020-08-14T23:28:30.945] [DEBUG] cheese - null
[2020-08-14T23:28:31.794] [DEBUG] cheese - null
[2020-08-14T23:28:31.799] [DEBUG] cheese - null
[2020-08-14T23:28:32.220] [DEBUG] cheese - null
[2020-08-14T23:28:32.226] [DEBUG] cheese - null
[2020-08-14T23:28:34.356] [DEBUG] cheese - null
[2020-08-14T23:28:34.361] [DEBUG] cheese - null
[2020-08-14T23:28:37.144] [DEBUG] cheese - null
[2020-08-14T23:28:37.153] [DEBUG] cheese - null
[2020-08-14T23:28:41.524] [DEBUG] cheese - null
[2020-08-14T23:28:41.534] [DEBUG] cheese - null
[2020-08-14T23:28:48.185] [DEBUG] cheese - null
[2020-08-14T23:28:48.190] [DEBUG] cheese - null
[2020-08-14T23:28:48.318] [DEBUG] cheese - null
[2020-08-14T23:28:48.324] [DEBUG] cheese - null
[2020-08-14T23:38:49.964] [DEBUG] cheese - null
[2020-08-14T23:38:49.968] [DEBUG] cheese - null
[2020-08-14T23:38:55.475] [DEBUG] cheese - null
[2020-08-14T23:38:55.493] [DEBUG] cheese - null
[2020-08-14T23:38:57.738] [DEBUG] cheese - null
[2020-08-14T23:38:57.760] [DEBUG] cheese - null
[2020-08-14T23:40:00.334] [DEBUG] cheese - null
[2020-08-14T23:40:00.342] [DEBUG] cheese - null
[2020-08-14T23:40:02.633] [DEBUG] cheese - null
[2020-08-14T23:40:02.645] [DEBUG] cheese - null
[2020-08-14T23:40:28.823] [DEBUG] cheese - null
[2020-08-14T23:40:28.828] [DEBUG] cheese - null
[2020-08-14T23:40:31.901] [DEBUG] cheese - null
[2020-08-14T23:40:31.910] [DEBUG] cheese - null
[2020-08-14T23:40:54.147] [DEBUG] cheese - null
[2020-08-14T23:40:54.153] [DEBUG] cheese - null
[2020-08-14T23:40:56.258] [DEBUG] cheese - null
[2020-08-14T23:40:56.262] [DEBUG] cheese - null
[2020-08-14T23:41:10.443] [DEBUG] cheese - null
[2020-08-14T23:41:10.451] [DEBUG] cheese - null
[2020-08-14T23:42:53.554] [DEBUG] cheese - null
[2020-08-14T23:42:53.558] [DEBUG] cheese - null
[2020-08-14T23:42:59.550] [DEBUG] cheese - null
[2020-08-14T23:42:59.559] [DEBUG] cheese - null
[2020-08-14T23:43:32.775] [DEBUG] cheese - null
[2020-08-14T23:43:32.781] [DEBUG] cheese - null
[2020-08-15T00:02:36.590] [DEBUG] cheese - null
[2020-08-15T00:02:36.599] [DEBUG] cheese - null
[2020-08-15T00:02:45.867] [DEBUG] cheese - null
[2020-08-15T00:02:45.873] [DEBUG] cheese - null
[2020-08-15T00:02:52.028] [DEBUG] cheese - null
[2020-08-15T00:02:52.035] [DEBUG] cheese - null
[2020-08-15T00:02:57.971] [DEBUG] cheese - null
[2020-08-15T00:02:57.977] [DEBUG] cheese - null
[2020-08-15T00:02:58.115] [DEBUG] cheese - null
[2020-08-15T00:02:58.136] [DEBUG] cheese - null
[2020-08-15T00:04:49.940] [DEBUG] cheese - null
[2020-08-15T00:04:49.948] [DEBUG] cheese - null
[2020-08-15T00:04:54.177] [DEBUG] cheese - null
[2020-08-15T00:04:54.186] [DEBUG] cheese - null
[2020-08-15T00:05:19.278] [DEBUG] cheese - null
[2020-08-15T00:05:19.299] [DEBUG] cheese - null
[2020-08-15T00:05:23.676] [DEBUG] cheese - null
[2020-08-15T00:05:23.688] [DEBUG] cheese - null
[2020-08-15T00:06:27.972] [DEBUG] cheese - null
[2020-08-15T00:06:27.976] [DEBUG] cheese - null
[2020-08-15T00:06:31.314] [DEBUG] cheese - null
[2020-08-15T00:06:31.328] [DEBUG] cheese - null
[2020-08-15T00:06:43.603] [DEBUG] cheese - null
[2020-08-15T00:06:43.612] [DEBUG] cheese - null
[2020-08-15T00:06:45.437] [DEBUG] cheese - null
[2020-08-15T00:06:45.442] [DEBUG] cheese - null
[2020-08-15T00:06:52.852] [DEBUG] cheese - null
[2020-08-15T00:06:52.863] [DEBUG] cheese - null
[2020-08-15T00:07:42.073] [DEBUG] cheese - null
[2020-08-15T00:07:42.078] [DEBUG] cheese - null
[2020-08-15T00:07:44.673] [DEBUG] cheese - null
[2020-08-15T00:07:44.678] [DEBUG] cheese - null
[2020-08-15T00:08:18.334] [DEBUG] cheese - null
[2020-08-15T00:08:18.339] [DEBUG] cheese - null
[2020-08-15T00:08:23.044] [DEBUG] cheese - null
[2020-08-15T00:08:23.052] [DEBUG] cheese - null
[2020-08-15T00:08:53.952] [DEBUG] cheese - null
[2020-08-15T00:08:53.958] [DEBUG] cheese - null
[2020-08-15T00:09:02.296] [DEBUG] cheese - null
[2020-08-15T00:09:02.302] [DEBUG] cheese - null
[2020-08-15T00:09:51.923] [DEBUG] cheese - null
[2020-08-15T00:09:51.928] [DEBUG] cheese - null
[2020-08-15T00:09:55.879] [DEBUG] cheese - null
[2020-08-15T00:09:55.893] [DEBUG] cheese - null
[2020-08-15T00:10:52.976] [DEBUG] cheese - null
[2020-08-15T00:10:52.985] [DEBUG] cheese - null
[2020-08-15T00:10:55.607] [DEBUG] cheese - null
[2020-08-15T00:10:55.619] [DEBUG] cheese - null
[2020-08-15T00:12:01.133] [DEBUG] cheese - null
[2020-08-15T00:12:01.139] [DEBUG] cheese - null
[2020-08-15T00:12:13.996] [DEBUG] cheese - null
[2020-08-15T00:12:14.021] [DEBUG] cheese - null
[2020-08-15T00:12:26.091] [DEBUG] cheese - null
[2020-08-15T00:12:26.102] [DEBUG] cheese - null
[2020-08-15T00:12:40.176] [DEBUG] cheese - null
[2020-08-15T00:12:40.227] [DEBUG] cheese - null
[2020-08-15T00:12:41.434] [DEBUG] cheese - null
[2020-08-15T00:12:41.439] [DEBUG] cheese - null
[2020-08-15T00:13:32.719] [DEBUG] cheese - null
[2020-08-15T00:13:32.724] [DEBUG] cheese - null
[2020-08-15T00:13:37.284] [DEBUG] cheese - null
[2020-08-15T00:13:37.295] [DEBUG] cheese - null
[2020-08-15T00:13:44.018] [DEBUG] cheese - null
[2020-08-15T00:13:44.032] [DEBUG] cheese - null
[2020-08-15T00:13:45.092] [DEBUG] cheese - null
[2020-08-15T00:13:45.098] [DEBUG] cheese - null
[2020-08-15T00:13:46.265] [DEBUG] cheese - null
[2020-08-15T00:13:46.271] [DEBUG] cheese - null
[2020-08-15T00:13:46.975] [DEBUG] cheese - null
[2020-08-15T00:13:46.980] [DEBUG] cheese - null
[2020-08-15T00:13:51.094] [DEBUG] cheese - null
[2020-08-15T00:13:51.100] [DEBUG] cheese - null
[2020-08-15T00:16:20.918] [DEBUG] cheese - null
[2020-08-15T00:16:20.924] [DEBUG] cheese - null
[2020-08-15T00:18:40.465] [DEBUG] cheese - null
[2020-08-15T00:18:40.468] [DEBUG] cheese - null
[2020-08-15T00:19:02.571] [DEBUG] cheese - null
[2020-08-15T00:19:02.576] [DEBUG] cheese - null
[2020-08-15T00:19:03.000] [DEBUG] cheese - null
[2020-08-15T00:19:03.006] [DEBUG] cheese - null
[2020-08-15T00:19:06.304] [DEBUG] cheese - null
[2020-08-15T00:19:06.310] [DEBUG] cheese - null
[2020-08-15T00:19:18.053] [DEBUG] cheese - null
[2020-08-15T00:19:18.059] [DEBUG] cheese - null
[2020-08-15T00:19:23.642] [DEBUG] cheese - null
[2020-08-15T00:19:23.648] [DEBUG] cheese - null
[2020-08-15T00:19:26.395] [DEBUG] cheese - null
[2020-08-15T00:19:26.413] [DEBUG] cheese - null
[2020-08-15T00:21:28.369] [DEBUG] cheese - null
[2020-08-15T00:21:28.376] [DEBUG] cheese - null
[2020-08-15T00:21:38.475] [DEBUG] cheese - null
[2020-08-15T00:21:38.480] [DEBUG] cheese - null
[2020-08-15T00:21:50.646] [DEBUG] cheese - null
[2020-08-15T00:21:50.652] [DEBUG] cheese - null
[2020-08-15T00:22:02.065] [DEBUG] cheese - null
[2020-08-15T00:22:02.070] [DEBUG] cheese - null
[2020-08-15T00:22:07.021] [DEBUG] cheese - null
[2020-08-15T00:22:07.030] [DEBUG] cheese - null
[2020-08-15T00:22:38.218] [DEBUG] cheese - null
[2020-08-15T00:22:38.222] [DEBUG] cheese - null
[2020-08-15T00:22:40.500] [DEBUG] cheese - null
[2020-08-15T00:22:40.508] [DEBUG] cheese - null
[2020-08-15T00:23:03.750] [DEBUG] cheese - null
[2020-08-15T00:23:03.755] [DEBUG] cheese - null
[2020-08-15T00:23:06.912] [DEBUG] cheese - null
[2020-08-15T00:23:06.924] [DEBUG] cheese - null
[2020-08-15T00:23:09.647] [DEBUG] cheese - null
[2020-08-15T00:23:20.232] [DEBUG] cheese - null
[2020-08-15T00:23:24.629] [DEBUG] cheese - null
[2020-08-15T00:23:24.637] [DEBUG] cheese - null
[2020-08-15T00:23:29.297] [DEBUG] cheese - null
[2020-08-15T00:23:29.303] [DEBUG] cheese - null
[2020-08-15T00:23:53.765] [DEBUG] cheese - null
[2020-08-15T00:23:53.771] [DEBUG] cheese - null
[2020-08-15T00:23:58.277] [DEBUG] cheese - null
[2020-08-15T00:23:58.289] [DEBUG] cheese - null
[2020-08-15T00:24:14.901] [DEBUG] cheese - null
[2020-08-15T00:24:21.233] [DEBUG] cheese - null
[2020-08-15T00:24:54.647] [DEBUG] cheese - null
[2020-08-15T00:24:54.656] [DEBUG] cheese - null
[2020-08-15T00:25:36.798] [DEBUG] cheese - null
[2020-08-15T00:25:36.837] [DEBUG] cheese - null
[2020-08-15T00:25:40.172] [DEBUG] cheese - null
[2020-08-15T00:25:40.178] [DEBUG] cheese - null
[2020-08-15T00:25:45.666] [DEBUG] cheese - null
[2020-08-15T00:30:42.525] [DEBUG] cheese - null
[2020-08-15T00:30:42.529] [DEBUG] cheese - null
[2020-08-15T00:30:46.555] [DEBUG] cheese - null
[2020-08-15T00:30:46.566] [DEBUG] cheese - null
[2020-08-15T00:31:20.580] [DEBUG] cheese - null
[2020-08-15T00:31:20.585] [DEBUG] cheese - null
[2020-08-15T00:31:23.892] [DEBUG] cheese - null
[2020-08-15T00:31:23.900] [DEBUG] cheese - null
[2020-08-15T00:32:02.474] [DEBUG] cheese - null
[2020-08-15T00:32:02.480] [DEBUG] cheese - null
[2020-08-15T00:32:10.808] [DEBUG] cheese - null
[2020-08-15T00:32:10.835] [DEBUG] cheese - null
[2020-08-15T00:32:13.796] [DEBUG] cheese - null
[2020-08-15T00:32:13.811] [DEBUG] cheese - null
[2020-08-15T00:32:35.524] [DEBUG] cheese - null
[2020-08-15T00:32:35.530] [DEBUG] cheese - null
[2020-08-15T00:32:41.190] [DEBUG] cheese - null
[2020-08-15T00:32:41.209] [DEBUG] cheese - null
[2020-08-15T00:33:05.306] [DEBUG] cheese - null
[2020-08-15T00:33:05.309] [DEBUG] cheese - null
[2020-08-15T00:36:01.326] [DEBUG] cheese - login => username:myway,password:123456
[2020-08-15T00:36:01.326] [DEBUG] cheese - myway
[2020-08-15T00:36:01.335] [DEBUG] cheese - null
[2020-08-15T00:36:01.336] [DEBUG] cheese - null
[2020-08-15T00:36:04.117] [DEBUG] cheese - null
[2020-08-15T00:36:04.125] [DEBUG] cheese - null
[2020-08-15T00:36:13.011] [DEBUG] cheese - null
[2020-08-15T00:36:13.023] [DEBUG] cheese - null
[2020-08-15T00:36:18.173] [DEBUG] cheese - null
[2020-08-15T12:24:41.539] [DEBUG] cheese - login => username:myway,password:123456
[2020-08-15T12:24:41.542] [DEBUG] cheese - myway
[2020-08-15T12:24:41.631] [DEBUG] cheese - null
[2020-08-15T12:24:41.632] [DEBUG] cheese - null
[2020-08-15T12:24:50.116] [DEBUG] cheese - null
[2020-08-15T12:24:50.124] [DEBUG] cheese - null
[2020-08-15T12:24:55.565] [DEBUG] cheese - null
[2020-08-15T12:24:55.572] [DEBUG] cheese - null
[2020-08-15T12:24:58.706] [DEBUG] cheese - null
[2020-08-15T12:25:25.170] [DEBUG] cheese - null
[2020-08-15T12:25:25.179] [DEBUG] cheese - null
[2020-08-15T12:25:34.068] [DEBUG] cheese - login => username:admin,password:123456
[2020-08-15T12:25:34.068] [DEBUG] cheese - admin
[2020-08-15T12:25:34.074] [DEBUG] cheese - null
[2020-08-15T12:25:34.075] [DEBUG] cheese - null
[2020-08-15T12:33:43.619] [DEBUG] cheese - login => username:myway,password:123456
[2020-08-15T12:33:43.622] [DEBUG] cheese - myway
[2020-08-15T12:33:43.631] [DEBUG] cheese - null
[2020-08-15T12:33:43.632] [DEBUG] cheese - null
[2020-08-15T12:33:53.564] [DEBUG] cheese - null
[2020-08-15T12:33:53.571] [DEBUG] cheese - null
[2020-08-15T12:33:57.886] [DEBUG] cheese - null
[2020-08-15T12:33:57.892] [DEBUG] cheese - null
[2020-08-15T12:33:58.971] [DEBUG] cheese - null
[2020-08-15T12:34:16.409] [DEBUG] cheese - null
[2020-08-15T12:34:16.414] [DEBUG] cheese - null
[2020-08-15T12:34:18.796] [DEBUG] cheese - null
[2020-08-15T12:34:18.804] [DEBUG] cheese - null
[2020-08-15T12:34:19.971] [DEBUG] cheese - null
[2020-08-15T12:34:32.121] [DEBUG] cheese - null
[2020-08-15T12:35:08.695] [DEBUG] cheese - null
[2020-08-15T12:35:08.702] [DEBUG] cheese - null
[2020-08-15T12:35:14.986] [DEBUG] cheese - null
[2020-08-15T12:35:15.002] [DEBUG] cheese - null
[2020-08-15T12:35:15.857] [DEBUG] cheese - null
[2020-08-15T12:35:29.516] [DEBUG] cheese - login => username:admin,password:123456
[2020-08-15T12:35:29.516] [DEBUG] cheese - admin
[2020-08-15T12:35:29.521] [DEBUG] cheese - null
[2020-08-15T12:35:29.521] [DEBUG] cheese - null
[2020-08-16T14:21:28.550] [DEBUG] cheese - login => username:admin,password:123456
[2020-08-16T14:21:28.553] [DEBUG] cheese - admin
[2020-08-16T14:21:28.613] [DEBUG] cheese - null
[2020-08-16T14:21:28.614] [DEBUG] cheese - null
[2020-08-17T00:47:36.091] [DEBUG] cheese - null
[2020-08-17T00:50:19.597] [DEBUG] cheese - null
[2020-08-17T00:52:09.248] [DEBUG] cheese - null
[2020-08-17T00:56:10.458] [DEBUG] cheese - null
[2020-08-17T00:56:32.453] [DEBUG] cheese - null
[2020-08-17T00:56:49.714] [DEBUG] cheese - null
[2020-08-17T00:57:25.235] [DEBUG] cheese - null
[2020-08-17T00:58:22.936] [DEBUG] cheese - null
[2020-08-17T01:04:55.160] [DEBUG] cheese - null
[2020-08-17T01:07:16.200] [DEBUG] cheese - null
[2020-08-17T12:05:02.173] [DEBUG] cheese - login => username:admin,password:123456
[2020-08-17T12:05:02.177] [DEBUG] cheese - admin
[2020-08-17T12:05:02.271] [DEBUG] cheese - null
[2020-08-17T12:05:02.272] [DEBUG] cheese - null
[2020-08-17T12:05:29.895] [DEBUG] cheese - null
[2020-08-17T12:25:46.880] [DEBUG] cheese - null
[2020-08-17T12:35:18.570] [DEBUG] cheese - null
[2020-08-17T12:36:06.977] [DEBUG] cheese - null
[2020-08-17T12:42:25.691] [DEBUG] cheese - null
[2020-08-17T12:44:52.492] [DEBUG] cheese - null
[2020-08-17T12:45:23.973] [DEBUG] cheese - null
[2020-08-17T12:46:01.160] [DEBUG] cheese - null
[2020-08-17T12:47:58.681] [DEBUG] cheese - null
[2020-08-17T12:50:11.388] [DEBUG] cheese - null
[2020-08-17T12:52:55.302] [DEBUG] cheese - null
[2020-08-17T12:55:22.483] [DEBUG] cheese - null
[2020-08-17T13:01:11.252] [DEBUG] cheese - null
[2020-08-17T13:01:23.498] [DEBUG] cheese - null
[2020-08-17T13:08:17.633] [DEBUG] cheese - null
[2020-08-17T13:24:10.369] [DEBUG] cheese - null
[2020-08-17T13:30:42.200] [DEBUG] cheese - null
[2020-08-17T14:37:51.019] [DEBUG] cheese - null
[2020-08-17T14:44:26.419] [DEBUG] cheese - null
[2020-08-17T18:15:18.612] [DEBUG] cheese - login => username:admin,password:123456
[2020-08-17T18:15:18.615] [DEBUG] cheese - admin
[2020-08-17T18:15:18.624] [DEBUG] cheese - null
[2020-08-17T18:15:18.626] [DEBUG] cheese - null
[2020-08-17T23:34:14.452] [DEBUG] cheese - login => username:admin,password:123456
[2020-08-17T23:34:14.456] [DEBUG] cheese - admin
[2020-08-17T23:34:14.473] [DEBUG] cheese - null
[2020-08-17T23:34:14.474] [DEBUG] cheese - null
[2020-08-18T12:17:02.456] [DEBUG] cheese - login => username:admin,password:123456
[2020-08-18T12:17:02.459] [DEBUG] cheese - admin
[2020-08-18T12:17:02.571] [DEBUG] cheese - null
[2020-08-18T12:17:02.571] [DEBUG] cheese - null
[2020-08-19T21:31:57.276] [DEBUG] cheese - login => username:admin,password:123456
[2020-08-19T21:31:57.279] [DEBUG] cheese - admin
[2020-08-19T21:31:57.575] [DEBUG] cheese - null
[2020-08-19T21:31:57.577] [DEBUG] cheese - null
[2020-08-19T21:32:41.944] [DEBUG] cheese - null
[2020-08-19T21:34:13.539] [DEBUG] cheese - null
[2020-08-30T00:05:23.318] [DEBUG] cheese - login => username:admin,password:123456
[2020-08-30T00:05:23.320] [DEBUG] cheese - admin
[2020-08-30T00:05:23.330] [DEBUG] cheese - null
[2020-08-30T00:05:23.331] [DEBUG] cheese - null
[2020-08-30T00:07:40.815] [DEBUG] cheese - null
[2020-09-07T15:01:32.198] [DEBUG] cheese - login => username:myway,password:123456
[2020-09-07T15:01:32.200] [DEBUG] cheese - myway
[2020-09-07T15:01:32.261] [DEBUG] cheese - null
[2020-09-07T15:01:32.262] [DEBUG] cheese - null
[2020-09-07T15:01:42.576] [DEBUG] cheese - login => username:myway,password:123456
[2020-09-07T15:01:42.576] [DEBUG] cheese - myway
[2020-09-07T15:01:42.578] [DEBUG] cheese - null
[2020-09-07T15:01:42.579] [DEBUG] cheese - null
[2020-09-07T15:01:46.519] [DEBUG] cheese - login => username:admin,password:123456
[2020-09-07T15:01:46.519] [DEBUG] cheese - admin
[2020-09-07T15:01:46.523] [DEBUG] cheese - null
[2020-09-07T15:01:46.523] [DEBUG] cheese - null
[2020-09-07T15:02:32.590] [DEBUG] cheese - login => username:admin,password:123456
[2020-09-07T15:02:32.591] [DEBUG] cheese - admin
[2020-09-07T15:02:32.597] [DEBUG] cheese - null
[2020-09-07T15:02:32.598] [DEBUG] cheese - null
[2020-10-20T21:47:43.087] [DEBUG] cheese - login => username:myway,password:123456
[2020-10-20T21:47:43.136] [DEBUG] cheese - myway
[2020-10-20T21:47:43.189] [DEBUG] cheese - null
[2020-10-20T21:47:43.190] [DEBUG] cheese - null
[2020-10-20T21:47:52.735] [DEBUG] cheese - login => username:admin,password:123456
[2020-10-20T21:47:52.735] [DEBUG] cheese - admin
[2020-10-20T21:47:52.742] [DEBUG] cheese - null
[2020-10-20T21:47:52.742] [DEBUG] cheese - null
[2020-11-24T19:42:50.269] [DEBUG] cheese - login => username:admin,password:123456
[2020-11-24T19:42:50.270] [DEBUG] cheese - admin
[2020-11-24T19:42:50.390] [DEBUG] cheese - null
[2020-11-24T19:42:50.390] [DEBUG] cheese - null
[2020-11-25T23:45:59.734] [DEBUG] cheese - login => username:abc,password:123456
[2020-11-25T23:45:59.771] [DEBUG] cheese - abc
[2020-11-25T23:45:59.940] [DEBUG] cheese - null
[2020-11-25T23:45:59.941] [DEBUG] cheese - null
[2020-11-25T23:46:17.712] [DEBUG] cheese - login => username:abc,password:123456
[2020-11-25T23:46:17.713] [DEBUG] cheese - abc
[2020-11-25T23:46:17.715] [DEBUG] cheese - null
[2020-11-25T23:46:17.715] [DEBUG] cheese - null
[2020-11-25T23:48:24.326] [DEBUG] cheese - login => username:abc,password:123
[2020-11-25T23:48:24.326] [DEBUG] cheese - abc
[2020-11-25T23:48:24.329] [DEBUG] cheese - null
[2020-11-25T23:48:24.329] [DEBUG] cheese - null
[2020-11-25T23:50:17.488] [DEBUG] cheese - login => username:a,password:123456
[2020-11-25T23:50:17.488] [DEBUG] cheese - a
[2020-11-25T23:50:17.492] [DEBUG] cheese - null
[2020-11-25T23:50:17.492] [DEBUG] cheese - null
[2021-03-19T23:43:00.909] [DEBUG] cheese - login => username:admin,password:admin
[2021-03-19T23:43:00.921] [DEBUG] cheese - admin
[2021-03-19T23:43:01.095] [DEBUG] cheese - null
[2021-03-19T23:43:01.096] [DEBUG] cheese - null
[2021-03-19T23:43:04.776] [DEBUG] cheese - login => username:admin,password:13531125178
[2021-03-19T23:43:04.776] [DEBUG] cheese - admin
[2021-03-19T23:43:04.779] [DEBUG] cheese - null
[2021-03-19T23:43:04.779] [DEBUG] cheese - null
[2021-03-19T23:48:55.277] [DEBUG] cheese - login => username:admin,password:123456
[2021-03-19T23:48:55.277] [DEBUG] cheese - admin
[2021-03-19T23:48:55.280] [DEBUG] cheese - null
[2021-03-19T23:48:55.280] [DEBUG] cheese - null
